#
# There is insufficient memory for the Java Runtime Environment to continue.
# Native memory allocation (mmap) failed to map 168820736 bytes for committing reserved memory.
# Possible reasons:
#   The system is out of physical RAM or swap space
#   In 32 bit mode, the process size limit was hit
# Possible solutions:
#   Reduce memory load on the system
#   Increase physical memory or swap space
#   Check if swap backing store is full
#   Use 64 bit Java on a 64 bit OS
#   Decrease Java heap size (-Xmx/-Xms)
#   Decrease number of Java threads
#   Decrease Java thread stack sizes (-Xss)
#   Set larger code cache with -XX:ReservedCodeCacheSize=
# This output file may be truncated or incomplete.
#
#  Out of Memory Error (os_linux.cpp:2627), pid=11989, tid=0x00007fa3dd6b4700
#
# JRE version: OpenJDK Runtime Environment (8.0_112-b06) (build 1.8.0_112-release-b06)
# Java VM: OpenJDK 64-Bit Server VM (25.112-b06 mixed mode linux-amd64 compressed oops)
# Failed to write core dump. Core dumps have been disabled. To enable core dumping, try "ulimit -c unlimited" before starting Java again
#

---------------  T H R E A D  ---------------

Current thread (0x00007fa3f0077800):  VMThread [stack: 0x00007fa3dd5b4000,0x00007fa3dd6b5000] [id=11997]

Stack: [0x00007fa3dd5b4000,0x00007fa3dd6b5000],  sp=0x00007fa3dd6b34d0,  free space=1021k
Native frames: (J=compiled Java code, j=interpreted, Vv=VM code, C=native code)
V  [libjvm.so+0x9e465d]  VMError::report_and_die()+0x15d
V  [libjvm.so+0x4b6ada]  report_vm_out_of_memory(char const*, int, unsigned long, VMErrorType, char const*)+0x8a
V  [libjvm.so+0x84c860]  os::pd_commit_memory(char*, unsigned long, unsigned long, bool)+0xf0
V  [libjvm.so+0x84737f]  os::commit_memory(char*, unsigned long, unsigned long, bool)+0x1f
V  [libjvm.so+0x8bd3db]  PSVirtualSpace::expand_by(unsigned long)+0x5b
V  [libjvm.so+0x8ae1bb]  PSOldGen::expand_by(unsigned long) [clone .part.109]+0x1b
V  [libjvm.so+0x8ae37b]  PSOldGen::expand(unsigned long) [clone .part.111]+0xdb
V  [libjvm.so+0x8aec58]  PSOldGen::resize(unsigned long)+0x188
V  [libjvm.so+0x8b426c]  PSParallelCompact::invoke_no_policy(bool)+0x97c
V  [libjvm.so+0x8bb37d]  PSScavenge::invoke()+0x17d
V  [libjvm.so+0x86fcf3]  ParallelScavengeHeap::failed_mem_allocate(unsigned long)+0x63
V  [libjvm.so+0x9e6124]  VM_ParallelGCFailedAllocation::doit()+0x84
V  [libjvm.so+0x9ea537]  VM_Operation::evaluate()+0x47
V  [libjvm.so+0x9e8ff8]  VMThread::evaluate_operation(VM_Operation*)+0x2c8
V  [libjvm.so+0x9e9479]  VMThread::loop()+0x219
V  [libjvm.so+0x9e98c2]  VMThread::run()+0x72
V  [libjvm.so+0x849c82]  java_start(Thread*)+0xf2

VM_Operation (0x00007fa376bd31b0): ParallelGCFailedAllocation, mode: safepoint, requested by thread 0x00007fa384061000


---------------  P R O C E S S  ---------------

Java Threads: ( => current thread )
  0x00007fa384063800 JavaThread "pool-8-thread-4" [_thread_blocked, id=12096, stack(0x00007fa37600a000,0x00007fa37610b000)]
  0x00007fa384062000 JavaThread "pool-8-thread-3" [_thread_blocked, id=12095, stack(0x00007fa376cd6000,0x00007fa376dd7000)]
  0x00007fa384061000 JavaThread "pool-8-thread-2" [_thread_blocked, id=12094, stack(0x00007fa376ad4000,0x00007fa376bd5000)]
  0x00007fa384060000 JavaThread "pool-9-thread-1" [_thread_blocked, id=12093, stack(0x00007fa376bd5000,0x00007fa376cd6000)]
  0x00007fa384016800 JavaThread "pool-8-thread-1" [_thread_blocked, id=12092, stack(0x00007fa3769d3000,0x00007fa376ad4000)]
  0x00007fa388ce8800 JavaThread "pool-6-thread-1" [_thread_blocked, id=12091, stack(0x00007fa376dd7000,0x00007fa376ed8000)]
  0x00007fa364001000 JavaThread "process reaper" daemon [_thread_blocked, id=12060, stack(0x00007fa3a634f000,0x00007fa3a6388000)]
  0x00007fa388e3a800 JavaThread "pool-4-thread-4" [_thread_blocked, id=12056, stack(0x00007fa3770d8000,0x00007fa3771d9000)]
  0x00007fa388cb6000 JavaThread "pool-4-thread-3" [_thread_blocked, id=12055, stack(0x00007fa3771d9000,0x00007fa3772da000)]
  0x00007fa388cb3800 JavaThread "pool-4-thread-2" [_thread_blocked, id=12054, stack(0x00007fa3772da000,0x00007fa3773db000)]
  0x00007fa388cb2800 JavaThread "pool-4-thread-1" [_thread_blocked, id=12053, stack(0x00007fa3a6802000,0x00007fa3a6903000)]
  0x00007fa3889b3000 JavaThread "Cache update executor" [_thread_blocked, id=12037, stack(0x00007fa3a4035000,0x00007fa3a4136000)]
  0x00007fa388095800 JavaThread "pool-2-thread-1" [_thread_blocked, id=12024, stack(0x00007fa3a53a3000,0x00007fa3a54a4000)]
  0x00007fa3883b0800 JavaThread "File lock request listener" [_thread_in_native, id=12018, stack(0x00007fa3a5bca000,0x00007fa3a5ccb000)]
  0x00007fa388009800 JavaThread "Asynchronous log dispatcher for DefaultDaemonConnection: socket connection from /127.0.0.1:46508 to /127.0.0.1:36018" [_thread_blocked, id=12014, stack(0x00007fa3a6903000,0x00007fa3a6a04000)]
  0x00007fa39800f800 JavaThread "Daemon worker" [_thread_blocked, id=12011, stack(0x00007fa3a6a04000,0x00007fa3a6b05000)]
  0x00007fa3f04a1000 JavaThread "pool-1-thread-1" [_thread_blocked, id=12010, stack(0x00007fa3a6b05000,0x00007fa3a6c06000)]
  0x00007fa398004000 JavaThread "Cancel handler" [_thread_blocked, id=12009, stack(0x00007fa3a6c06000,0x00007fa3a6d07000)]
  0x00007fa398005800 JavaThread "Handler for socket connection from /127.0.0.1:46508 to /127.0.0.1:36018" [_thread_in_native, id=12008, stack(0x00007fa3a6f07000,0x00007fa3a7008000)]
  0x00007fa3a0040800 JavaThread "Daemon" [_thread_blocked, id=12007, stack(0x00007fa3a7008000,0x00007fa3a7109000)]
  0x00007fa3f0c79800 JavaThread "Incoming local TCP Connector on port 46508" [_thread_in_native, id=12006, stack(0x00007fa3a7310000,0x00007fa3a7411000)]
  0x00007fa3f00bf800 JavaThread "Service Thread" daemon [_thread_blocked, id=12004, stack(0x00007fa3dcbd5000,0x00007fa3dccd6000)]
  0x00007fa3f00bc800 JavaThread "C1 CompilerThread2" daemon [_thread_blocked, id=12003, stack(0x00007fa3dccd6000,0x00007fa3dcdd7000)]
  0x00007fa3f00ba800 JavaThread "C2 CompilerThread1" daemon [_thread_blocked, id=12002, stack(0x00007fa3dcdd7000,0x00007fa3dced8000)]
  0x00007fa3f00b7800 JavaThread "C2 CompilerThread0" daemon [_thread_blocked, id=12001, stack(0x00007fa3dced8000,0x00007fa3dcfd9000)]
  0x00007fa3f00b6000 JavaThread "Signal Dispatcher" daemon [_thread_blocked, id=12000, stack(0x00007fa3dcfd9000,0x00007fa3dd0da000)]
  0x00007fa3f0083800 JavaThread "Finalizer" daemon [_thread_blocked, id=11999, stack(0x00007fa3dd3b2000,0x00007fa3dd4b3000)]
  0x00007fa3f007f000 JavaThread "Reference Handler" daemon [_thread_blocked, id=11998, stack(0x00007fa3dd4b3000,0x00007fa3dd5b4000)]
  0x00007fa3f000a000 JavaThread "main" [_thread_blocked, id=11992, stack(0x00007fa3f8e56000,0x00007fa3f8f57000)]

Other Threads:
=>0x00007fa3f0077800 VMThread [stack: 0x00007fa3dd5b4000,0x00007fa3dd6b5000] [id=11997]
  0x00007fa3f00c1800 WatcherThread [stack: 0x00007fa3dcad4000,0x00007fa3dcbd5000] [id=12005]

VM state:at safepoint (normal execution)

VM Mutex/Monitor currently owned by a thread:  ([mutex/lock_event])
[0x00007fa3f0005e10] ExpandHeap_lock - owner thread: 0x00007fa3f0077800
[0x00007fa3f0006490] Threads_lock - owner thread: 0x00007fa3f0077800
[0x00007fa3f0006990] Heap_lock - owner thread: 0x00007fa384061000

Heap:
 PSYoungGen      total 417280K, used 8933K [0x00000000e0000000, 0x0000000100000000, 0x0000000100000000)
  eden space 310272K, 0% used [0x00000000e0000000,0x00000000e0000000,0x00000000f2f00000)
  from space 107008K, 8% used [0x00000000f2f00000,0x00000000f37b9550,0x00000000f9780000)
  to   space 102912K, 0% used [0x00000000f9b80000,0x00000000f9b80000,0x0000000100000000)
 ParOldGen       total 447488K, used 447097K [0x00000000a0000000, 0x00000000bb500000, 0x00000000e0000000)
  object space 447488K, 99% used [0x00000000a0000000,0x00000000bb49e6c0,0x00000000bb500000)
 Metaspace       used 69431K, capacity 71580K, committed 71832K, reserved 1112064K
  class space    used 8832K, capacity 9305K, committed 9392K, reserved 1048576K

Card table byte_map: [0x00007fa3f59ee000,0x00007fa3f5cef000] byte_map_base: 0x00007fa3f54ee000

Marking Bits: (ParMarkBitMap*) 0x00007fa3f832b340
 Begin Bits: [0x00007fa3de000000, 0x00007fa3df800000)
 End Bits:   [0x00007fa3df800000, 0x00007fa3e1000000)

Polling page: 0x00007fa3f8f7d000

CodeCache: size=245760Kb used=48003Kb max_used=48030Kb free=197756Kb
 bounds [0x00007fa3e1000000, 0x00007fa3e3f70000, 0x00007fa3f0000000]
 total_blobs=13909 nmethods=13096 adapters=725
 compilation: enabled

Compilation events (10 events):
Event: 159.517 Thread 0x00007fa3f00ba800 nmethod 17098 0x00007fa3e3167190 code [0x00007fa3e3167340, 0x00007fa3e31677c0]
Event: 159.519 Thread 0x00007fa3f00ba800 17097       4       com.android.dx.dex.code.OutputFinisher::updateInfo (44 bytes)
Event: 159.535 Thread 0x00007fa3f00ba800 nmethod 17097 0x00007fa3e3f14890 code [0x00007fa3e3f14a00, 0x00007fa3e3f14cd8]
Event: 159.537 Thread 0x00007fa3f00ba800 17100       4       java.util.concurrent.ConcurrentHashMap::get (162 bytes)
Event: 159.549 Thread 0x00007fa3f00ba800 nmethod 17100 0x00007fa3e2cddb10 code [0x00007fa3e2cddc80, 0x00007fa3e2cddf88]
Event: 159.551 Thread 0x00007fa3f00ba800 17091   !   4       com.android.dx.cf.cst.ConstantPoolParser::parse0 (731 bytes)
Event: 159.590 Thread 0x00007fa3f00bc800 17102   !   2       java.util.concurrent.locks.AbstractQueuedSynchronizer::acquireQueued (93 bytes)
Event: 159.592 Thread 0x00007fa3f00bc800 nmethod 17102 0x00007fa3e3231ed0 code [0x00007fa3e32320a0, 0x00007fa3e32325d8]
Event: 159.655 Thread 0x00007fa3f00bc800 17104       1       com.android.dx.rop.cst.CstLiteral32::fitsInInt (2 bytes)
Event: 159.655 Thread 0x00007fa3f00bc800 nmethod 17104 0x00007fa3e241ed10 code [0x00007fa3e241ee60, 0x00007fa3e241ef70]

GC Heap History (10 events):
Event: 149.104 GC heap after
Heap after GC invocations=30 (full 6):
 PSYoungGen      total 434176K, used 51210K [0x00000000e0000000, 0x0000000100000000, 0x0000000100000000)
  eden space 349696K, 0% used [0x00000000e0000000,0x00000000e0000000,0x00000000f5580000)
  from space 84480K, 60% used [0x00000000fa900000,0x00000000fdb02a18,0x00000000ffb80000)
  to   space 85504K, 0% used [0x00000000f5580000,0x00000000f5580000,0x00000000fa900000)
 ParOldGen       total 306688K, used 259861K [0x00000000a0000000, 0x00000000b2b80000, 0x00000000e0000000)
  object space 306688K, 84% used [0x00000000a0000000,0x00000000afdc5518,0x00000000b2b80000)
 Metaspace       used 69424K, capacity 71580K, committed 71832K, reserved 1112064K
  class space    used 8831K, capacity 9305K, committed 9392K, reserved 1048576K
}
Event: 149.104 GC heap before
{Heap before GC invocations=31 (full 7):
 PSYoungGen      total 434176K, used 51210K [0x00000000e0000000, 0x0000000100000000, 0x0000000100000000)
  eden space 349696K, 0% used [0x00000000e0000000,0x00000000e0000000,0x00000000f5580000)
  from space 84480K, 60% used [0x00000000fa900000,0x00000000fdb02a18,0x00000000ffb80000)
  to   space 85504K, 0% used [0x00000000f5580000,0x00000000f5580000,0x00000000fa900000)
 ParOldGen       total 306688K, used 259861K [0x00000000a0000000, 0x00000000b2b80000, 0x00000000e0000000)
  object space 306688K, 84% used [0x00000000a0000000,0x00000000afdc5518,0x00000000b2b80000)
 Metaspace       used 69424K, capacity 71580K, committed 71832K, reserved 1112064K
  class space    used 8831K, capacity 9305K, committed 9392K, reserved 1048576K
Event: 151.801 GC heap after
Heap after GC invocations=31 (full 7):
 PSYoungGen      total 434176K, used 0K [0x00000000e0000000, 0x0000000100000000, 0x0000000100000000)
  eden space 349696K, 0% used [0x00000000e0000000,0x00000000e0000000,0x00000000f5580000)
  from space 84480K, 0% used [0x00000000fa900000,0x00000000fa900000,0x00000000ffb80000)
  to   space 85504K, 0% used [0x00000000f5580000,0x00000000f5580000,0x00000000fa900000)
 ParOldGen       total 447488K, used 305857K [0x00000000a0000000, 0x00000000bb500000, 0x00000000e0000000)
  object space 447488K, 68% used [0x00000000a0000000,0x00000000b2ab0438,0x00000000bb500000)
 Metaspace       used 69424K, capacity 71580K, committed 71832K, reserved 1112064K
  class space    used 8831K, capacity 9305K, committed 9392K, reserved 1048576K
}
Event: 154.025 GC heap before
{Heap before GC invocations=32 (full 7):
 PSYoungGen      total 434176K, used 349696K [0x00000000e0000000, 0x0000000100000000, 0x0000000100000000)
  eden space 349696K, 100% used [0x00000000e0000000,0x00000000f5580000,0x00000000f5580000)
  from space 84480K, 0% used [0x00000000fa900000,0x00000000fa900000,0x00000000ffb80000)
  to   space 85504K, 0% used [0x00000000f5580000,0x00000000f5580000,0x00000000fa900000)
 ParOldGen       total 447488K, used 305857K [0x00000000a0000000, 0x00000000bb500000, 0x00000000e0000000)
  object space 447488K, 68% used [0x00000000a0000000,0x00000000b2ab0438,0x00000000bb500000)
 Metaspace       used 69426K, capacity 71580K, committed 71832K, reserved 1112064K
  class space    used 8831K, capacity 9305K, committed 9392K, reserved 1048576K
Event: 154.157 GC heap after
Heap after GC invocations=32 (full 7):
 PSYoungGen      total 435200K, used 54137K [0x00000000e0000000, 0x0000000100000000, 0x0000000100000000)
  eden space 349696K, 0% used [0x00000000e0000000,0x00000000e0000000,0x00000000f5580000)
  from space 85504K, 63% used [0x00000000f5580000,0x00000000f8a5e608,0x00000000fa900000)
  to   space 87040K, 0% used [0x00000000fab00000,0x00000000fab00000,0x0000000100000000)
 ParOldGen       total 447488K, used 305857K [0x00000000a0000000, 0x00000000bb500000, 0x00000000e0000000)
  object space 447488K, 68% used [0x00000000a0000000,0x00000000b2ab0438,0x00000000bb500000)
 Metaspace       used 69426K, capacity 71580K, committed 71832K, reserved 1112064K
  class space    used 8831K, capacity 9305K, committed 9392K, reserved 1048576K
}
Event: 156.202 GC heap before
{Heap before GC invocations=33 (full 7):
 PSYoungGen      total 435200K, used 403833K [0x00000000e0000000, 0x0000000100000000, 0x0000000100000000)
  eden space 349696K, 100% used [0x00000000e0000000,0x00000000f5580000,0x00000000f5580000)
  from space 85504K, 63% used [0x00000000f5580000,0x00000000f8a5e608,0x00000000fa900000)
  to   space 87040K, 0% used [0x00000000fab00000,0x00000000fab00000,0x0000000100000000)
 ParOldGen       total 447488K, used 305857K [0x00000000a0000000, 0x00000000bb500000, 0x00000000e0000000)
  object space 447488K, 68% used [0x00000000a0000000,0x00000000b2ab0438,0x00000000bb500000)
 Metaspace       used 69431K, capacity 71580K, committed 71832K, reserved 1112064K
  class space    used 8832K, capacity 9305K, committed 9392K, reserved 1048576K
Event: 156.431 GC heap after
Heap after GC invocations=33 (full 7):
 PSYoungGen      total 397312K, used 87023K [0x00000000e0000000, 0x0000000100000000, 0x0000000100000000)
  eden space 310272K, 0% used [0x00000000e0000000,0x00000000e0000000,0x00000000f2f00000)
  from space 87040K, 99% used [0x00000000fab00000,0x00000000ffffbf08,0x0000000100000000)
  to   space 107008K, 0% used [0x00000000f2f00000,0x00000000f2f00000,0x00000000f9780000)
 ParOldGen       total 447488K, used 324067K [0x00000000a0000000, 0x00000000bb500000, 0x00000000e0000000)
  object space 447488K, 72% used [0x00000000a0000000,0x00000000b3c78ee8,0x00000000bb500000)
 Metaspace       used 69431K, capacity 71580K, committed 71832K, reserved 1112064K
  class space    used 8832K, capacity 9305K, committed 9392K, reserved 1048576K
}
Event: 159.673 GC heap before
{Heap before GC invocations=34 (full 7):
 PSYoungGen      total 397312K, used 397295K [0x00000000e0000000, 0x0000000100000000, 0x0000000100000000)
  eden space 310272K, 100% used [0x00000000e0000000,0x00000000f2f00000,0x00000000f2f00000)
  from space 87040K, 99% used [0x00000000fab00000,0x00000000ffffbf08,0x0000000100000000)
  to   space 107008K, 0% used [0x00000000f2f00000,0x00000000f2f00000,0x00000000f9780000)
 ParOldGen       total 447488K, used 324067K [0x00000000a0000000, 0x00000000bb500000, 0x00000000e0000000)
  object space 447488K, 72% used [0x00000000a0000000,0x00000000b3c78ee8,0x00000000bb500000)
 Metaspace       used 69431K, capacity 71580K, committed 71832K, reserved 1112064K
  class space    used 8832K, capacity 9305K, committed 9392K, reserved 1048576K
Event: 171.090 GC heap after
Heap after GC invocations=34 (full 7):
 PSYoungGen      total 417280K, used 51117K [0x00000000e0000000, 0x0000000100000000, 0x0000000100000000)
  eden space 310272K, 0% used [0x00000000e0000000,0x00000000e0000000,0x00000000f2f00000)
  from space 107008K, 47% used [0x00000000f2f00000,0x00000000f60eb660,0x00000000f9780000)
  to   space 102912K, 0% used [0x00000000f9b80000,0x00000000f9b80000,0x0000000100000000)
 ParOldGen       total 447488K, used 411480K [0x00000000a0000000, 0x00000000bb500000, 0x00000000e0000000)
  object space 447488K, 91% used [0x00000000a0000000,0x00000000b91d62b8,0x00000000bb500000)
 Metaspace       used 69431K, capacity 71580K, committed 71832K, reserved 1112064K
  class space    used 8832K, capacity 9305K, committed 9392K, reserved 1048576K
}
Event: 171.091 GC heap before
{Heap before GC invocations=35 (full 8):
 PSYoungGen      total 417280K, used 51117K [0x00000000e0000000, 0x0000000100000000, 0x0000000100000000)
  eden space 310272K, 0% used [0x00000000e0000000,0x00000000e0000000,0x00000000f2f00000)
  from space 107008K, 47% used [0x00000000f2f00000,0x00000000f60eb660,0x00000000f9780000)
  to   space 102912K, 0% used [0x00000000f9b80000,0x00000000f9b80000,0x0000000100000000)
 ParOldGen       total 447488K, used 411480K [0x00000000a0000000, 0x00000000bb500000, 0x00000000e0000000)
  object space 447488K, 91% used [0x00000000a0000000,0x00000000b91d62b8,0x00000000bb500000)
 Metaspace       used 69431K, capacity 71580K, committed 71832K, reserved 1112064K
  class space    used 8832K, capacity 9305K, committed 9392K, reserved 1048576K

Deoptimization events (10 events):
Event: 154.507 Thread 0x00007fa384063800 Uncommon trap: reason=class_check action=maybe_recompile pc=0x00007fa3e38925d0 method=com.android.dx.ssa.SCCP.replaceConstants()V @ 182
Event: 154.642 Thread 0x00007fa384061000 Uncommon trap: reason=unstable_if action=reinterpret pc=0x00007fa3e3d5ee3c method=com.android.dx.ssa.back.IdenticalBlockCombiner.replaceSucc(Lcom/android/dx/rop/code/BasicBlock;II)V @ 30
Event: 154.698 Thread 0x00007fa384016800 Uncommon trap: reason=class_check action=maybe_recompile pc=0x00007fa3e38925d0 method=com.android.dx.ssa.SCCP.replaceConstants()V @ 182
Event: 154.774 Thread 0x00007fa388ce8800 Uncommon trap: reason=unstable_if action=reinterpret pc=0x00007fa3e3dfcd0c method=com.android.dx.rop.code.DexTranslationAdvice.hasConstantOperation(Lcom/android/dx/rop/code/Rop;Lcom/android/dx/rop/code/RegisterSpec;Lcom/android/dx/rop/code/RegisterSpec;)Z
Event: 155.583 Thread 0x00007fa384016800 Uncommon trap: reason=unstable_if action=reinterpret pc=0x00007fa3e3077c88 method=java.util.concurrent.ConcurrentHashMap.get(Ljava/lang/Object;)Ljava/lang/Object; @ 86
Event: 157.974 Thread 0x00007fa388ce8800 Uncommon trap: reason=class_check action=maybe_recompile pc=0x00007fa3e3e89cc0 method=com.android.dx.cf.attrib.AttConstantValue.<init>(Lcom/android/dx/rop/cst/TypedConstant;)V @ 28
Event: 157.976 Thread 0x00007fa384016800 Uncommon trap: reason=unstable_if action=reinterpret pc=0x00007fa3e3e73e3c method=com.android.dx.dex.code.RopTranslator.outputBlock(Lcom/android/dx/rop/code/BasicBlock;I)V @ 140
Event: 158.213 Thread 0x00007fa384062000 Uncommon trap: reason=unstable_if action=reinterpret pc=0x00007fa3e3e5d804 method=com.android.dx.cf.code.Merger.mergeType(Lcom/android/dx/rop/type/TypeBearer;Lcom/android/dx/rop/type/TypeBearer;)Lcom/android/dx/rop/type/TypeBearer; @ 77
Event: 158.946 Thread 0x00007fa384063800 Uncommon trap: reason=unstable_if action=reinterpret pc=0x00007fa3e3eb86e4 method=com.android.dx.dex.code.RopTranslator.outputBlock(Lcom/android/dx/rop/code/BasicBlock;I)V @ 140
Event: 159.517 Thread 0x00007fa388ce8800 Uncommon trap: reason=unstable_if action=reinterpret pc=0x00007fa3e31675f4 method=java.util.concurrent.locks.AbstractQueuedSynchronizer.acquireQueued(Ljava/util/concurrent/locks/AbstractQueuedSynchronizer$Node;I)Z @ 17

Internal exceptions (10 events):
Event: 69.455 Thread 0x00007fa39800f800 Implicit null exception at 0x00007fa3e18450fd to 0x00007fa3e184529d
Event: 69.692 Thread 0x00007fa39800f800 Implicit null exception at 0x00007fa3e1796673 to 0x00007fa3e1796701
Event: 72.247 Thread 0x00007fa39800f800 Implicit null exception at 0x00007fa3e28514bd to 0x00007fa3e2851c0d
Event: 72.820 Thread 0x00007fa39800f800 Exception <a 'java/lang/NoSuchMethodError': java.lang.Object.lambda$negate$1(Ljava/lang/Object;)Z> (0x00000000e0eda4e0) thrown at [/ssd/Android/AOSP-openjdk/external/jetbrains/jdk/hotspot/src/share/vm/interpreter/linkResolver.cpp, line 582]
Event: 89.347 Thread 0x00007fa39800f800 Implicit null exception at 0x00007fa3e32f8557 to 0x00007fa3e32f9371
Event: 90.940 Thread 0x00007fa39800f800 Implicit null exception at 0x00007fa3e2eacb99 to 0x00007fa3e2ead00d
Event: 106.692 Thread 0x00007fa3889b3000 Exception <a 'java/lang/NoSuchMethodError': <clinit>> (0x00000000ea3adae8) thrown at [/ssd/Android/AOSP-openjdk/external/jetbrains/jdk/hotspot/src/share/vm/prims/jni.cpp, line 1613]
Event: 113.348 Thread 0x00007fa39800f800 Implicit null exception at 0x00007fa3e30e36cc to 0x00007fa3e30e388d
Event: 133.051 Thread 0x00007fa384062000 Implicit null exception at 0x00007fa3e2ef6de2 to 0x00007fa3e2ef6ed3
Event: 133.212 Thread 0x00007fa384063800 Implicit null exception at 0x00007fa3e2a439d7 to 0x00007fa3e2a44725

Events (10 events):
Event: 159.408 Thread 0x00007fa384016800 DEOPT PACKING pc=0x00007fa3e387064f sp=0x00007fa376ad22f0
Event: 159.408 Thread 0x00007fa384016800 DEOPT UNPACKING pc=0x00007fa3e1047373 sp=0x00007fa376ad2028 mode 0
Event: 159.441 Thread 0x00007fa384063800 DEOPT PACKING pc=0x00007fa3e3773445 sp=0x00007fa3761091d0
Event: 159.441 Thread 0x00007fa384063800 DEOPT UNPACKING pc=0x00007fa3e1047373 sp=0x00007fa376108f50 mode 0
Event: 159.497 Thread 0x00007fa384063800 DEOPT PACKING pc=0x00007fa3e3b9155f sp=0x00007fa376109240
Event: 159.497 Thread 0x00007fa384063800 DEOPT UNPACKING pc=0x00007fa3e1047373 sp=0x00007fa376108fe0 mode 0
Event: 159.517 Thread 0x00007fa388ce8800 Uncommon trap: trap_request=0xffffff65 fr.pc=0x00007fa3e31675f4
Event: 159.517 Thread 0x00007fa388ce8800 DEOPT PACKING pc=0x00007fa3e31675f4 sp=0x00007fa376ed5ed0
Event: 159.517 Thread 0x00007fa388ce8800 DEOPT UNPACKING pc=0x00007fa3e1004f69 sp=0x00007fa376ed5e70 mode 2
Event: 159.673 Executing VM operation: ParallelGCFailedAllocation


Dynamic libraries:
00400000-00401000 r-xp 00000000 08:06 5513970                            /home/elfemo/mkn/android/android-studio/jre/bin/java
00600000-00601000 r--p 00000000 08:06 5513970                            /home/elfemo/mkn/android/android-studio/jre/bin/java
00601000-00602000 rw-p 00001000 08:06 5513970                            /home/elfemo/mkn/android/android-studio/jre/bin/java
014bd000-014de000 rw-p 00000000 00:00 0                                  [heap]
a0000000-bb500000 rw-p 00000000 00:00 0 
c5600000-e0000000 ---p 00000000 00:00 0 
e0000000-100000000 rw-p 00000000 00:00 0 
100000000-10092c000 rw-p 00000000 00:00 0 
10092c000-140000000 ---p 00000000 00:00 0 
7fa358000000-7fa358021000 rw-p 00000000 00:00 0 
7fa358021000-7fa35c000000 ---p 00000000 00:00 0 
7fa360000000-7fa360021000 rw-p 00000000 00:00 0 
7fa360021000-7fa364000000 ---p 00000000 00:00 0 
7fa364000000-7fa36428a000 rw-p 00000000 00:00 0 
7fa36428a000-7fa368000000 ---p 00000000 00:00 0 
7fa368000000-7fa368021000 rw-p 00000000 00:00 0 
7fa368021000-7fa36c000000 ---p 00000000 00:00 0 
7fa36c000000-7fa36c021000 rw-p 00000000 00:00 0 
7fa36c021000-7fa370000000 ---p 00000000 00:00 0 
7fa370000000-7fa370062000 rw-p 00000000 00:00 0 
7fa370062000-7fa374000000 ---p 00000000 00:00 0 
7fa375e0a000-7fa375f0a000 rw-p 00000000 00:00 0 
7fa375f0a000-7fa37600a000 ---p 00000000 00:00 0 
7fa37600a000-7fa37600d000 ---p 00000000 00:00 0 
7fa37600d000-7fa37630b000 rw-p 00000000 00:00 0 
7fa37630b000-7fa37650b000 rw-p 00000000 00:00 0 
7fa37650b000-7fa37670b000 rw-p 00000000 00:00 0 
7fa376714000-7fa3767d3000 r--s 00996000 08:06 2753722                    /home/elfemo/AndroidStudioProjects/IBPS/app/build/intermediates/transforms/jarMerging/debug/jars/1/1f/combined.jar
7fa3767d3000-7fa3769d3000 rw-p 00000000 00:00 0 
7fa3769d3000-7fa3769d6000 ---p 00000000 00:00 0 
7fa3769d6000-7fa376ad4000 rw-p 00000000 00:00 0 
7fa376ad4000-7fa376ad7000 ---p 00000000 00:00 0 
7fa376ad7000-7fa376bd5000 rw-p 00000000 00:00 0 
7fa376bd5000-7fa376bd8000 ---p 00000000 00:00 0 
7fa376bd8000-7fa376cd6000 rw-p 00000000 00:00 0 
7fa376cd6000-7fa376cd9000 ---p 00000000 00:00 0 
7fa376cd9000-7fa376dd7000 rw-p 00000000 00:00 0 
7fa376dd7000-7fa376dda000 ---p 00000000 00:00 0 
7fa376dda000-7fa3770d8000 rw-p 00000000 00:00 0 
7fa3770d8000-7fa3770db000 ---p 00000000 00:00 0 
7fa3770db000-7fa3771d9000 rw-p 00000000 00:00 0 
7fa3771d9000-7fa3771dc000 ---p 00000000 00:00 0 
7fa3771dc000-7fa3772da000 rw-p 00000000 00:00 0 
7fa3772da000-7fa3772dd000 ---p 00000000 00:00 0 
7fa3772dd000-7fa3775d5000 rw-p 00000000 00:00 0 
7fa3775d5000-7fa3775db000 ---p 00000000 00:00 0 
7fa3775db000-7fa3777db000 rw-p 00000000 00:00 0 
7fa3777db000-7fa3777f2000 r-xp 00000000 08:06 2229766                    /lib/x86_64-linux-gnu/libresolv-2.23.so
7fa3777f2000-7fa3779f2000 ---p 00017000 08:06 2229766                    /lib/x86_64-linux-gnu/libresolv-2.23.so
7fa3779f2000-7fa3779f3000 r--p 00017000 08:06 2229766                    /lib/x86_64-linux-gnu/libresolv-2.23.so
7fa3779f3000-7fa3779f4000 rw-p 00018000 08:06 2229766                    /lib/x86_64-linux-gnu/libresolv-2.23.so
7fa3779f4000-7fa3779f6000 rw-p 00000000 00:00 0 
7fa3779f6000-7fa3779fb000 r-xp 00000000 08:06 2229769                    /lib/x86_64-linux-gnu/libnss_dns-2.23.so
7fa3779fb000-7fa377bfb000 ---p 00005000 08:06 2229769                    /lib/x86_64-linux-gnu/libnss_dns-2.23.so
7fa377bfb000-7fa377bfc000 r--p 00005000 08:06 2229769                    /lib/x86_64-linux-gnu/libnss_dns-2.23.so
7fa377bfc000-7fa377bfd000 rw-p 00006000 08:06 2229769                    /lib/x86_64-linux-gnu/libnss_dns-2.23.so
7fa377bfd000-7fa377bff000 r-xp 00000000 08:06 2233020                    /lib/x86_64-linux-gnu/libnss_mdns4_minimal.so.2
7fa377bff000-7fa377dfe000 ---p 00002000 08:06 2233020                    /lib/x86_64-linux-gnu/libnss_mdns4_minimal.so.2
7fa377dfe000-7fa377dff000 r--p 00001000 08:06 2233020                    /lib/x86_64-linux-gnu/libnss_mdns4_minimal.so.2
7fa377dff000-7fa377e00000 rw-p 00002000 08:06 2233020                    /lib/x86_64-linux-gnu/libnss_mdns4_minimal.so.2
7fa377e00000-7fa378000000 rw-p 00000000 00:00 0 
7fa378000000-7fa378021000 rw-p 00000000 00:00 0 
7fa378021000-7fa37c000000 ---p 00000000 00:00 0 
7fa37c000000-7fa37c021000 rw-p 00000000 00:00 0 
7fa37c021000-7fa380000000 ---p 00000000 00:00 0 
7fa380000000-7fa38003f000 rw-p 00000000 00:00 0 
7fa38003f000-7fa384000000 ---p 00000000 00:00 0 
7fa384000000-7fa3841f2000 rw-p 00000000 00:00 0 
7fa3841f2000-7fa388000000 ---p 00000000 00:00 0 
7fa388000000-7fa38947d000 rw-p 00000000 00:00 0 
7fa38947d000-7fa38c000000 ---p 00000000 00:00 0 
7fa38c000000-7fa38c021000 rw-p 00000000 00:00 0 
7fa38c021000-7fa390000000 ---p 00000000 00:00 0 
7fa390000000-7fa390021000 rw-p 00000000 00:00 0 
7fa390021000-7fa394000000 ---p 00000000 00:00 0 
7fa394000000-7fa394021000 rw-p 00000000 00:00 0 
7fa394021000-7fa398000000 ---p 00000000 00:00 0 
7fa398000000-7fa398021000 rw-p 00000000 00:00 0 
7fa398021000-7fa39c000000 ---p 00000000 00:00 0 
7fa39c000000-7fa39c037000 rw-p 00000000 00:00 0 
7fa39c037000-7fa3a0000000 ---p 00000000 00:00 0 
7fa3a0000000-7fa3a0075000 rw-p 00000000 00:00 0 
7fa3a0075000-7fa3a4000000 ---p 00000000 00:00 0 
7fa3a4035000-7fa3a4038000 ---p 00000000 00:00 0 
7fa3a4038000-7fa3a4136000 rw-p 00000000 00:00 0 
7fa3a4136000-7fa3a413b000 r--s 0003b000 08:06 6567554                    /home/elfemo/mkn/android/android-studio/jre/jre/lib/ext/sunjce_provider.jar
7fa3a413b000-7fa3a4171000 r-xp 00000000 08:06 6426483                    /home/elfemo/mkn/android/android-studio/jre/jre/lib/amd64/libsunec.so
7fa3a4171000-7fa3a4370000 ---p 00036000 08:06 6426483                    /home/elfemo/mkn/android/android-studio/jre/jre/lib/amd64/libsunec.so
7fa3a4370000-7fa3a4375000 r--p 00035000 08:06 6426483                    /home/elfemo/mkn/android/android-studio/jre/jre/lib/amd64/libsunec.so
7fa3a4375000-7fa3a4377000 rw-p 0003a000 08:06 6426483                    /home/elfemo/mkn/android/android-studio/jre/jre/lib/amd64/libsunec.so
7fa3a4377000-7fa3a4388000 rw-p 00000000 00:00 0 
7fa3a4388000-7fa3a4389000 r--s 00008000 08:06 6567552                    /home/elfemo/mkn/android/android-studio/jre/jre/lib/ext/sunec.jar
7fa3a4389000-7fa3a438d000 r--s 00037000 08:06 6567556                    /home/elfemo/mkn/android/android-studio/jre/jre/lib/ext/sunpkcs11.jar
7fa3a438d000-7fa3a4390000 r--s 00015000 08:06 6426419                    /home/elfemo/mkn/android/android-studio/jre/jre/lib/jce.jar
7fa3a4390000-7fa3a4590000 rw-p 00000000 00:00 0 
7fa3a4590000-7fa3a4790000 rw-p 00000000 00:00 0 
7fa3a4790000-7fa3a4990000 rw-p 00000000 00:00 0 
7fa3a4990000-7fa3a4b90000 rw-p 00000000 00:00 0 
7fa3a4b90000-7fa3a4ba3000 r--s 00344000 08:06 6426489                    /home/elfemo/mkn/android/android-studio/jre/jre/lib/resources.jar
7fa3a4ba3000-7fa3a4da3000 rw-p 00000000 00:00 0 
7fa3a4da3000-7fa3a4fa3000 rw-p 00000000 00:00 0 
7fa3a4fa3000-7fa3a51a3000 rw-p 00000000 00:00 0 
7fa3a51a3000-7fa3a53a3000 rw-p 00000000 00:00 0 
7fa3a53a3000-7fa3a53a6000 ---p 00000000 00:00 0 
7fa3a53a6000-7fa3a56a4000 rw-p 00000000 00:00 0 
7fa3a56a4000-7fa3a56a5000 r--s 00001000 08:06 5646797                    /home/elfemo/.gradle/caches/jars-2/7c4c8dw4bn3s8grc5kz09cv28jy9yn3/annotations-25.3.0.jar
7fa3a56a5000-7fa3a56ad000 r--s 000a8000 08:06 5646795                    /home/elfemo/.gradle/caches/jars-2/lp0h431tl0554nh1vx6zomcvteflkp/lombok-ast-0.2.3.jar
7fa3a56ad000-7fa3a56c1000 r--s 000b4000 08:06 5646793                    /home/elfemo/.gradle/caches/jars-2/igzbti8te04ygk32hg4q3ljfkkkzmlr/uast-162.2228.14.jar
7fa3a56c1000-7fa3a56c3000 r--s 0000d000 08:06 5646791                    /home/elfemo/.gradle/caches/jars-2/7pwz1bowgakb1eux9ezb56jlturgsyi/commons-codec-1.4.jar
7fa3a56c3000-7fa3a56c5000 r--s 0000d000 08:06 5646789                    /home/elfemo/.gradle/caches/jars-2/9dj1m0eyooi5qt13735vz8fpkl3cnfy/commons-logging-1.1.1.jar
7fa3a56c5000-7fa3a56ca000 r--s 00028000 08:06 5646787                    /home/elfemo/.gradle/caches/jars-2/62lv0fe9b3xbqe57f6ljy5upwi7mf6k/httpcore-4.1.jar
7fa3a56ca000-7fa3a56ce000 r--s 0002f000 08:06 5646785                    /home/elfemo/.gradle/caches/jars-2/gsg5n52frsvw6sx0swqqe2hwijwdcf0/jimfs-1.1.jar
7fa3a56ce000-7fa3a56cf000 r--s 00004000 08:06 5646783                    /home/elfemo/.gradle/caches/jars-2/lxs252id0979odjrerlctkb26c2vj95/annotations-12.0.jar
7fa3a56cf000-7fa3a56d0000 r--s 00004000 08:06 5646781                    /home/elfemo/.gradle/caches/jars-2/9kn99dr0rulyl67sct1ephwcop56l61/asm-analysis-5.0.4.jar
7fa3a56d0000-7fa3a56d4000 r--s 00040000 08:06 5646779                    /home/elfemo/.gradle/caches/jars-2/h4gop7cox40tig0ckkhw1h8hl6tfcwm/lint-api-25.3.0.jar
7fa3a56d4000-7fa3a56d5000 r--s 0000a000 08:06 5646777                    /home/elfemo/.gradle/caches/jars-2/nwyg9io65lv6jvmwit2wq82xnnxd7ia/kxml2-2.3.0.jar
7fa3a56d5000-7fa3a56d7000 r--s 00005000 08:06 5646775                    /home/elfemo/.gradle/caches/jars-2/i6hc1uuj8e9ck59slmzdyz78ydn8sr6/httpmime-4.1.jar
7fa3a56d7000-7fa3a56df000 r--s 0004e000 08:06 5646773                    /home/elfemo/.gradle/caches/jars-2/7503wa5irssz0xxahv1xb82p2dl7rr2/httpclient-4.1.1.jar
7fa3a56df000-7fa3a56e6000 r--s 00053000 08:06 5646771                    /home/elfemo/.gradle/caches/jars-2/jgkfvs4eqggj7qsyw1f5d3up57hanj1/commons-compress-1.8.1.jar
7fa3a56e6000-7fa3a56eb000 r--s 0002a000 08:06 5646769                    /home/elfemo/.gradle/caches/jars-2/je8f027qcr1z1egw08byp1ybxbp9kko/gson-2.2.4.jar
7fa3a56eb000-7fa3a56f0000 r--s 0002e000 08:06 5646767                    /home/elfemo/.gradle/caches/jars-2/r6oa1284jnf1g0hjm5fw7l8swldb7ek/repository-25.3.0.jar
7fa3a56f0000-7fa3a56f1000 r--s 00005000 08:06 5646765                    /home/elfemo/.gradle/caches/jars-2/8zf2fyptbgnbanz613fx2c3hoto0539/dvlib-25.3.0.jar
7fa3a56f1000-7fa3a56f4000 r--s 00012000 08:06 5646763                    /home/elfemo/.gradle/caches/jars-2/9uh4197qdwnvuono2myyig8xxy6aqcq/layoutlib-api-25.3.0.jar
7fa3a56f4000-7fa3a56f9000 r--s 00058000 08:06 5646761                    /home/elfemo/.gradle/caches/jars-2/st159835qgxm0l87oqrnhayxos4lc1n/asm-debug-all-5.0.1.jar
7fa3a56f9000-7fa3a5709000 r--s 000d5000 08:06 5646759                    /home/elfemo/.gradle/caches/jars-2/qzf32gp9kej4w4hlbabft6tplu74cj3/proguard-base-5.3.2.jar
7fa3a5709000-7fa3a570c000 r--s 00033000 08:06 5646757                    /home/elfemo/.gradle/caches/jars-2/nz9sndmr8b4xbj4xulkaciy5kdbyfiz/juniversalchardet-1.0.3.jar
7fa3a570c000-7fa3a5710000 r--s 0002a000 08:06 5646755                    /home/elfemo/.gradle/caches/jars-2/krbpn9xjn1qymukyx8cc5l799ty1v3h/commons-io-2.4.jar
7fa3a5710000-7fa3a5727000 r--s 00154000 08:06 5646753                    /home/elfemo/.gradle/caches/jars-2/sfeivjswzitn6n0fnjx3ueszz8gv8o1/antlr4-4.5.3.jar
7fa3a5727000-7fa3a5729000 r--s 00002000 08:06 5515635                    /home/elfemo/.gradle/caches/jars-2/o6nwvy6at9y5kbpwo6utcclqk98gd99/baseLibrary-2.3.0.jar
7fa3a5729000-7fa3a5754000 r--s 001fc000 08:06 5515633                    /home/elfemo/.gradle/caches/jars-2/nxjrjftly2xksl8o0wqgivu5netfu2x/guava-18.0.jar
7fa3a5754000-7fa3a5767000 r--s 00241000 08:06 5515631                    /home/elfemo/.gradle/caches/jars-2/9yuekvg4qerfitq3xec0iyckuw3hwaq/ecj-4.6.1.jar
7fa3a5767000-7fa3a576e000 r--s 000d9000 08:06 5515629                    /home/elfemo/.gradle/caches/jars-2/aprntsq9xd6l685y4wf1lo3ojhypibs/lint-checks-25.3.0.jar
7fa3a576e000-7fa3a5770000 r--s 00006000 08:06 5515627                    /home/elfemo/.gradle/caches/jars-2/6phgj9ki3jl3p5epzkqoo8pr6kur40b/asm-tree-5.0.4.jar
7fa3a5770000-7fa3a57a3000 r--s 00203000 08:06 5515625                    /home/elfemo/.gradle/caches/jars-2/hj0bfvxu9cq7hkwmecvp0kg137or3hh/bcprov-jdk15on-1.48.jar
7fa3a57a3000-7fa3a57b1000 r--s 00081000 08:06 5515623                    /home/elfemo/.gradle/caches/jars-2/4r7xli0tz94y0wfjrdyjxlxar3g1pb9/bcpkix-jdk15on-1.48.jar
7fa3a57b1000-7fa3a57b3000 r--s 00002000 08:06 5515621                    /home/elfemo/.gradle/caches/jars-2/f32bh5uivuf69ecz2j8hl96ksnqdh7v/javawriter-2.5.0.jar
7fa3a57b3000-7fa3a57b5000 r--s 00004000 08:06 5515619                    /home/elfemo/.gradle/caches/jars-2/ks5d1mxwh7e42p192ttu3gpechro7qa/tracker-25.3.0.jar
7fa3a57b5000-7fa3a57b6000 r--s 00005000 08:06 5515617                    /home/elfemo/.gradle/caches/jars-2/fl4kf4ptr1zzfqcvmz0t9nip0r2xra6/shared-25.3.0.jar
7fa3a57b6000-7fa3a57c4000 r--s 00147000 08:06 5515615                    /home/elfemo/.gradle/caches/jars-2/kzywuljggjlwzg0mn5daqjrl9hrds10/protos-25.3.0.jar
7fa3a57c4000-7fa3a57ca000 r--s 0004a000 08:06 5515609                    /home/elfemo/.gradle/caches/jars-2/qdr9c88xakd7sne0hmledt9h4qds2q2/ddmlib-25.3.0.jar
7fa3a57ca000-7fa3a59ca000 rw-p 00000000 00:00 0 
7fa3a59ca000-7fa3a5bca000 rw-p 00000000 00:00 0 
7fa3a5bca000-7fa3a5bcd000 ---p 00000000 00:00 0 
7fa3a5bcd000-7fa3a5ecb000 rw-p 00000000 00:00 0 
7fa3a5ecb000-7fa3a60cb000 rw-p 00000000 00:00 0 
7fa3a60cb000-7fa3a62cb000 rw-p 00000000 00:00 0 
7fa3a62cb000-7fa3a62cc000 r--s 00001000 08:06 5515613                    /home/elfemo/.gradle/caches/jars-2/9wceqt3rojnwacgoouxh9g9dkoot2zu/jill-api-0.10.0.jar
7fa3a62cc000-7fa3a62ce000 r--s 00003000 08:06 5515611                    /home/elfemo/.gradle/caches/jars-2/hgjtw817h9ckqrqd7wts8rss79wyf2p/jack-api-0.13.0.jar
7fa3a62ce000-7fa3a62d1000 r--s 00022000 08:06 5515607                    /home/elfemo/.gradle/caches/jars-2/fsss09xku4j8m0mtb0gif22hmmgqs7i/manifest-merger-25.3.0.jar
7fa3a62d1000-7fa3a62d4000 r--s 0001c000 08:06 5515605                    /home/elfemo/.gradle/caches/jars-2/s9s98vc2jrc4cq452s7phwb2ad5xfkn/common-25.3.0.jar
7fa3a62d4000-7fa3a62dd000 r--s 00089000 08:06 5515603                    /home/elfemo/.gradle/caches/jars-2/965j22khmkpwdgya5fll5pxt21kiz0y/sdk-common-25.3.0.jar
7fa3a62dd000-7fa3a62e7000 r--s 00097000 08:06 5515601                    /home/elfemo/.gradle/caches/jars-2/2t3glk7v5svadzqcbhq0avch2qk6a9k/sdklib-25.3.0.jar
7fa3a62e7000-7fa3a62e8000 r--s 00002000 08:06 5515599                    /home/elfemo/.gradle/caches/jars-2/q53lj97mtvuhn56k5k0vmpi70ln1194/builder-test-api-2.3.0.jar
7fa3a62e8000-7fa3a62eb000 r--s 00006000 08:06 5515597                    /home/elfemo/.gradle/caches/jars-2/217rxmwsloonj42ilq94g16c8qou0uv/builder-model-2.3.0.jar
7fa3a62eb000-7fa3a62fa000 r--s 00130000 08:06 5515595                    /home/elfemo/.gradle/caches/jars-2/cr6zkqpx14lor9zdtmo49qpc7y8r8p4/protobuf-java-3.0.0.jar
7fa3a62fa000-7fa3a62fc000 r--s 0000f000 08:06 5515593                    /home/elfemo/.gradle/caches/jars-2/rvfyugrlu5tbpz51p98og0qsxamjq4k/jopt-simple-4.9.jar
7fa3a62fc000-7fa3a6300000 r--s 0001f000 08:06 5515591                    /home/elfemo/.gradle/caches/jars-2/nq3fzqkrrm37ob61z4iu5qdbh368uat/org.jacoco.report-0.7.5.201505241946.jar
7fa3a6300000-7fa3a6304000 r--s 0001d000 08:06 5515589                    /home/elfemo/.gradle/caches/jars-2/3kxkmcckmk40ron92zhbm0qjo9l4bkl/org.jacoco.core-0.7.5.201505241946.jar
7fa3a6304000-7fa3a6306000 r--s 00002000 08:06 5515587                    /home/elfemo/.gradle/caches/jars-2/m4m0pzb4gmaeh0in5g2xc4bxeuwt828/proguard-gradle-5.3.2.jar
7fa3a6306000-7fa3a6308000 r--s 00009000 08:06 5515585                    /home/elfemo/.gradle/caches/jars-2/ajvcvdu66lc9e3tvvipxtuq48i9bbkc/asm-commons-5.0.4.jar
7fa3a6308000-7fa3a630a000 r--s 0000c000 08:06 5515583                    /home/elfemo/.gradle/caches/jars-2/1laz1ygmxoc408r7nwqs1q8uk8r236d/asm-5.0.4.jar
7fa3a630a000-7fa3a630f000 r--s 0002c000 08:06 5515581                    /home/elfemo/.gradle/caches/jars-2/3eyaheco65g859qpfsowjbpqi0jh6mf/compilerCommon-2.3.0.jar
7fa3a630f000-7fa3a6310000 r--s 00002000 08:06 5515579                    /home/elfemo/.gradle/caches/jars-2/31jr90v5p5fkd2jflx4pvapkdf35ezu/gradle-api-2.3.0.jar
7fa3a6310000-7fa3a6311000 r--s 00000000 08:06 5515577                    /home/elfemo/.gradle/caches/jars-2/9alwd0ip1x6at9csjhyhihqra39rks9/transform-api-2.0.0-deprecated-use-gradle-api.jar
7fa3a6311000-7fa3a6316000 r--s 0005e000 08:06 5515575                    /home/elfemo/.gradle/caches/jars-2/ni16dxztl73a86d25hs3on5ncngkbuy/lint-25.3.0.jar
7fa3a6316000-7fa3a632c000 r--s 00163000 08:06 5382336                    /home/elfemo/.gradle/caches/jars-2/sqf8kc3htrab4fj479mwr3jrji381b7/builder-2.3.0.jar
7fa3a632c000-7fa3a634a000 r--s 001cb000 08:06 5382334                    /home/elfemo/.gradle/caches/jars-2/8qy5a7i3gbr2s4snxdquaath1tjusie/gradle-core-2.3.0.jar
7fa3a634a000-7fa3a634b000 r--s 00004000 08:06 3153685                    /home/elfemo/.gradle/caches/modules-2/files-2.1/com.neenbedankt.gradle.plugins/android-apt/1.8/d3c508f0ea2b2bb93c2816a83351090dd662eaac/android-apt-1.8.jar
7fa3a634b000-7fa3a634d000 r--s 00007000 08:06 3154616                    /home/elfemo/.gradle/caches/modules-2/files-2.1/com.google.gms/google-services/3.1.0/166ae4e6acd03b7bbebe221ffa54bc039fece1b9/google-services-3.1.0.jar
7fa3a634d000-7fa3a634f000 r--s 0000d000 08:06 5251635                    /home/elfemo/.gradle/caches/jars-2/60bmiis45kdytxtzt10fi483750k8at/gradle-2.3.0.jar
7fa3a634f000-7fa3a6352000 ---p 00000000 00:00 0 
7fa3a6352000-7fa3a6388000 rw-p 00000000 00:00 0 
7fa3a6388000-7fa3a6389000 r--p 00000000 00:00 0 
7fa3a6389000-7fa3a6589000 rw-p 00000000 00:00 0 
7fa3a6589000-7fa3a6602000 r--s 010ed000 08:06 5645669                    /home/elfemo/mkn/android/android-studio/jre/lib/tools.jar
7fa3a6602000-7fa3a6802000 rw-p 00000000 00:00 0 
7fa3a6802000-7fa3a6805000 ---p 00000000 00:00 0 
7fa3a6805000-7fa3a6903000 rw-p 00000000 00:00 0 
7fa3a6903000-7fa3a6906000 ---p 00000000 00:00 0 
7fa3a6906000-7fa3a6a04000 rw-p 00000000 00:00 0 
7fa3a6a04000-7fa3a6a07000 ---p 00000000 00:00 0 
7fa3a6a07000-7fa3a6b05000 rw-p 00000000 00:00 0 
7fa3a6b05000-7fa3a6b08000 ---p 00000000 00:00 0 
7fa3a6b08000-7fa3a6c06000 rw-p 00000000 00:00 0 
7fa3a6c06000-7fa3a6c09000 ---p 00000000 00:00 0 
7fa3a6c09000-7fa3a6f07000 rw-p 00000000 00:00 0 
7fa3a6f07000-7fa3a6f0a000 ---p 00000000 00:00 0 
7fa3a6f0a000-7fa3a7008000 rw-p 00000000 00:00 0 
7fa3a7008000-7fa3a700b000 ---p 00000000 00:00 0 
7fa3a700b000-7fa3a7109000 rw-p 00000000 00:00 0 
7fa3a7109000-7fa3a7110000 r--s 00000000 08:06 4851232                    /usr/lib/x86_64-linux-gnu/gconv/gconv-modules.cache
7fa3a7110000-7fa3a7310000 rw-p 00000000 00:00 0 
7fa3a7310000-7fa3a7313000 ---p 00000000 00:00 0 
7fa3a7313000-7fa3a7411000 rw-p 00000000 00:00 0 
7fa3a7411000-7fa3a741a000 r-xp 00000000 08:06 6426479                    /home/elfemo/mkn/android/android-studio/jre/jre/lib/amd64/libmanagement.so
7fa3a741a000-7fa3a7619000 ---p 00009000 08:06 6426479                    /home/elfemo/mkn/android/android-studio/jre/jre/lib/amd64/libmanagement.so
7fa3a7619000-7fa3a761a000 r--p 00008000 08:06 6426479                    /home/elfemo/mkn/android/android-studio/jre/jre/lib/amd64/libmanagement.so
7fa3a761a000-7fa3a761b000 rw-p 00009000 08:06 6426479                    /home/elfemo/mkn/android/android-studio/jre/jre/lib/amd64/libmanagement.so
7fa3a761b000-7fa3a7620000 r--s 00098000 08:06 6426440                    /home/elfemo/mkn/android/android-studio/jre/jre/lib/jsse.jar
7fa3a7620000-7fa3a7622000 r--s 00007000 08:06 5126422                    /home/elfemo/.gradle/wrapper/dists/gradle-3.3-all/55gk2rcmfc6p2dg9u9ohc3hw9/gradle-3.3/lib/plugins/gradle-tooling-api-builders-3.3.jar
7fa3a7622000-7fa3a7625000 r--s 00009000 08:06 5126415                    /home/elfemo/.gradle/wrapper/dists/gradle-3.3-all/55gk2rcmfc6p2dg9u9ohc3hw9/gradle-3.3/lib/plugins/gradle-testing-native-3.3.jar
7fa3a7625000-7fa3a762b000 r--s 00033000 08:06 5126625                    /home/elfemo/.gradle/wrapper/dists/gradle-3.3-all/55gk2rcmfc6p2dg9u9ohc3hw9/gradle-3.3/lib/plugins/snakeyaml-1.6.jar
7fa3a762b000-7fa3a762d000 r--s 00006000 08:06 5126624                    /home/elfemo/.gradle/wrapper/dists/gradle-3.3-all/55gk2rcmfc6p2dg9u9ohc3hw9/gradle-3.3/lib/plugins/jcommander-1.12.jar
7fa3a762d000-7fa3a7632000 r--s 00040000 08:06 5126623                    /home/elfemo/.gradle/wrapper/dists/gradle-3.3-all/55gk2rcmfc6p2dg9u9ohc3hw9/gradle-3.3/lib/plugins/bsh-2.0b4.jar
7fa3a7632000-7fa3a7634000 r--s 00009000 08:06 5126631                    /home/elfemo/.gradle/wrapper/dists/gradle-3.3-all/55gk2rcmfc6p2dg9u9ohc3hw9/gradle-3.3/lib/plugins/hamcrest-core-1.3.jar
7fa3a7634000-7fa3a763d000 r--s 00089000 08:06 5126582                    /home/elfemo/.gradle/wrapper/dists/gradle-3.3-all/55gk2rcmfc6p2dg9u9ohc3hw9/gradle-3.3/lib/plugins/testng-6.3.1.jar
7fa3a763d000-7fa3a7645000 r--s 00045000 08:06 5126581                    /home/elfemo/.gradle/wrapper/dists/gradle-3.3-all/55gk2rcmfc6p2dg9u9ohc3hw9/gradle-3.3/lib/plugins/junit-4.12.jar
7fa3a7645000-7fa3a764b000 r--s 0002e000 08:06 5126416                    /home/elfemo/.gradle/wrapper/dists/gradle-3.3-all/55gk2rcmfc6p2dg9u9ohc3hw9/gradle-3.3/lib/plugins/gradle-testing-jvm-3.3.jar
7fa3a764b000-7fa3a764f000 r--s 00016000 08:06 5126414                    /home/elfemo/.gradle/wrapper/dists/gradle-3.3-all/55gk2rcmfc6p2dg9u9ohc3hw9/gradle-3.3/lib/plugins/gradle-testing-base-3.3.jar
7fa3a764f000-7fa3a7656000 r--s 00038000 08:06 5126576                    /home/elfemo/.gradle/wrapper/dists/gradle-3.3-all/55gk2rcmfc6p2dg9u9ohc3hw9/gradle-3.3/lib/plugins/bcpg-jdk15on-1.51.jar
7fa3a7656000-7fa3a7658000 r--s 0000c000 08:06 5126393                    /home/elfemo/.gradle/wrapper/dists/gradle-3.3-all/55gk2rcmfc6p2dg9u9ohc3hw9/gradle-3.3/lib/plugins/gradle-signing-3.3.jar
7fa3a7658000-7fa3a765a000 r--s 00007000 08:06 5126392                    /home/elfemo/.gradle/wrapper/dists/gradle-3.3-all/55gk2rcmfc6p2dg9u9ohc3hw9/gradle-3.3/lib/plugins/gradle-scala-3.3.jar
7fa3a765a000-7fa3a765b000 r--s 00004000 08:06 5126420                    /home/elfemo/.gradle/wrapper/dists/gradle-3.3-all/55gk2rcmfc6p2dg9u9ohc3hw9/gradle-3.3/lib/plugins/gradle-resources-sftp-3.3.jar
7fa3a765b000-7fa3a766b000 r--s 00088000 08:06 5126592                    /home/elfemo/.gradle/wrapper/dists/gradle-3.3-all/55gk2rcmfc6p2dg9u9ohc3hw9/gradle-3.3/lib/plugins/joda-time-2.8.2.jar
7fa3a766b000-7fa3a767c000 r--s 0010d000 08:06 5126591                    /home/elfemo/.gradle/wrapper/dists/gradle-3.3-all/55gk2rcmfc6p2dg9u9ohc3hw9/gradle-3.3/lib/plugins/jackson-databind-2.6.6.jar
7fa3a767c000-7fa3a767f000 r--s 00009000 08:06 5126590                    /home/elfemo/.gradle/wrapper/dists/gradle-3.3-all/55gk2rcmfc6p2dg9u9ohc3hw9/gradle-3.3/lib/plugins/jackson-annotations-2.6.6.jar
7fa3a767f000-7fa3a7683000 r--s 0003c000 08:06 5126589                    /home/elfemo/.gradle/wrapper/dists/gradle-3.3-all/55gk2rcmfc6p2dg9u9ohc3hw9/gradle-3.3/lib/plugins/jackson-core-2.6.6.jar
7fa3a7683000-7fa3a7691000 r--s 00087000 08:06 5126588                    /home/elfemo/.gradle/wrapper/dists/gradle-3.3-all/55gk2rcmfc6p2dg9u9ohc3hw9/gradle-3.3/lib/plugins/aws-java-sdk-core-1.11.6.jar
7fa3a7691000-7fa3a7698000 r--s 00057000 08:06 5126587                    /home/elfemo/.gradle/wrapper/dists/gradle-3.3-all/55gk2rcmfc6p2dg9u9ohc3hw9/gradle-3.3/lib/plugins/aws-java-sdk-kms-1.11.6.jar
7fa3a7698000-7fa3a76a5000 r--s 0008e000 08:06 5126586                    /home/elfemo/.gradle/wrapper/dists/gradle-3.3-all/55gk2rcmfc6p2dg9u9ohc3hw9/gradle-3.3/lib/plugins/aws-java-sdk-s3-1.11.6.jar
7fa3a76a5000-7fa3a76a7000 r--s 00004000 08:06 5126421                    /home/elfemo/.gradle/wrapper/dists/gradle-3.3-all/55gk2rcmfc6p2dg9u9ohc3hw9/gradle-3.3/lib/plugins/gradle-resources-s3-3.3.jar
7fa3a76a7000-7fa3a76a9000 r--s 00005000 08:06 5126580                    /home/elfemo/.gradle/wrapper/dists/gradle-3.3-all/55gk2rcmfc6p2dg9u9ohc3hw9/gradle-3.3/lib/plugins/jatl-0.2.2.jar
7fa3a76a9000-7fa3a76ab000 r--s 0000f000 08:06 5126398                    /home/elfemo/.gradle/wrapper/dists/gradle-3.3-all/55gk2rcmfc6p2dg9u9ohc3hw9/gradle-3.3/lib/plugins/gradle-reporting-3.3.jar
7fa3a76ab000-7fa3a76ad000 r--s 00002000 08:06 5126399                    /home/elfemo/.gradle/wrapper/dists/gradle-3.3-all/55gk2rcmfc6p2dg9u9ohc3hw9/gradle-3.3/lib/plugins/gradle-publish-3.3.jar
7fa3a76ad000-7fa3a76af000 r--s 00009000 08:06 5126428                    /home/elfemo/.gradle/wrapper/dists/gradle-3.3-all/55gk2rcmfc6p2dg9u9ohc3hw9/gradle-3.3/lib/plugins/commons-cli-1.2.jar
7fa3a76af000-7fa3a76b5000 r--s 00031000 08:06 5126384                    /home/elfemo/.gradle/wrapper/dists/gradle-3.3-all/55gk2rcmfc6p2dg9u9ohc3hw9/gradle-3.3/lib/plugins/gradle-plugins-3.3.jar
7fa3a76b5000-7fa3a76b7000 r--s 00009000 08:06 5126417                    /home/elfemo/.gradle/wrapper/dists/gradle-3.3-all/55gk2rcmfc6p2dg9u9ohc3hw9/gradle-3.3/lib/plugins/gradle-plugin-development-3.3.jar
7fa3a76b7000-7fa3a76bd000 r--s 0002b000 08:06 5126410                    /home/elfemo/.gradle/wrapper/dists/gradle-3.3-all/55gk2rcmfc6p2dg9u9ohc3hw9/gradle-3.3/lib/plugins/gradle-platform-play-3.3.jar
7fa3a76bd000-7fa3a76cb000 r--s 00055000 08:06 5126409                    /home/elfemo/.gradle/wrapper/dists/gradle-3.3-all/55gk2rcmfc6p2dg9u9ohc3hw9/gradle-3.3/lib/plugins/gradle-platform-native-3.3.jar
7fa3a76cb000-7fa3a76d0000 r--s 0001f000 08:06 5126404                    /home/elfemo/.gradle/wrapper/dists/gradle-3.3-all/55gk2rcmfc6p2dg9u9ohc3hw9/gradle-3.3/lib/plugins/gradle-platform-jvm-3.3.jar
7fa3a76d0000-7fa3a76d8000 r--s 00027000 08:06 5126403                    /home/elfemo/.gradle/wrapper/dists/gradle-3.3-all/55gk2rcmfc6p2dg9u9ohc3hw9/gradle-3.3/lib/plugins/gradle-platform-base-3.3.jar
7fa3a76d8000-7fa3a7700000 r--s 0021c000 08:06 5126445                    /home/elfemo/.gradle/wrapper/dists/gradle-3.3-all/55gk2rcmfc6p2dg9u9ohc3hw9/gradle-3.3/lib/plugins/biz.aQute.bndlib-3.2.0.jar
7fa3a7700000-7fa3a7702000 r--s 00003000 08:06 5126388                    /home/elfemo/.gradle/wrapper/dists/gradle-3.3-all/55gk2rcmfc6p2dg9u9ohc3hw9/gradle-3.3/lib/plugins/gradle-osgi-3.3.jar
7fa3a7702000-7fa3a7705000 r--s 0000c000 08:06 5126574                    /home/elfemo/.gradle/wrapper/dists/gradle-3.3-all/55gk2rcmfc6p2dg9u9ohc3hw9/gradle-3.3/lib/plugins/pmaven-groovy-0.8-20100325.jar
7fa3a7705000-7fa3a7706000 r--s 00004000 08:06 5126573                    /home/elfemo/.gradle/wrapper/dists/gradle-3.3-all/55gk2rcmfc6p2dg9u9ohc3hw9/gradle-3.3/lib/plugins/pmaven-common-0.8-20100325.jar
7fa3a7706000-7fa3a770c000 r--s 00023000 08:06 5126389                    /home/elfemo/.gradle/wrapper/dists/gradle-3.3-all/55gk2rcmfc6p2dg9u9ohc3hw9/gradle-3.3/lib/plugins/gradle-maven-3.3.jar
7fa3a770c000-7fa3a770f000 r--s 0000b000 08:06 5126408                    /home/elfemo/.gradle/wrapper/dists/gradle-3.3-all/55gk2rcmfc6p2dg9u9ohc3hw9/gradle-3.3/lib/plugins/gradle-language-scala-3.3.jar
7fa3a770f000-7fa3a7715000 r--s 0001a000 08:06 5126412                    /home/elfemo/.gradle/wrapper/dists/gradle-3.3-all/55gk2rcmfc6p2dg9u9ohc3hw9/gradle-3.3/lib/plugins/gradle-language-native-3.3.jar
7fa3a7715000-7fa3a7718000 r--s 00005000 08:06 5126405                    /home/elfemo/.gradle/wrapper/dists/gradle-3.3-all/55gk2rcmfc6p2dg9u9ohc3hw9/gradle-3.3/lib/plugins/gradle-language-jvm-3.3.jar
7fa3a7718000-7fa3a771e000 r--s 00027000 08:06 5126406                    /home/elfemo/.gradle/wrapper/dists/gradle-3.3-all/55gk2rcmfc6p2dg9u9ohc3hw9/gradle-3.3/lib/plugins/gradle-language-java-3.3.jar
7fa3a771e000-7fa3a7720000 r--s 0000a000 08:06 5126407                    /home/elfemo/.gradle/wrapper/dists/gradle-3.3-all/55gk2rcmfc6p2dg9u9ohc3hw9/gradle-3.3/lib/plugins/gradle-language-groovy-3.3.jar
7fa3a7720000-7fa3a7723000 r--s 0001e000 08:06 5126598                    /home/elfemo/.gradle/wrapper/dists/gradle-3.3-all/55gk2rcmfc6p2dg9u9ohc3hw9/gradle-3.3/lib/plugins/jsp-api-2.1-6.1.14.jar
7fa3a7723000-7fa3a7746000 r--s 00344000 08:06 5126597                    /home/elfemo/.gradle/wrapper/dists/gradle-3.3-all/55gk2rcmfc6p2dg9u9ohc3hw9/gradle-3.3/lib/plugins/core-3.1.1.jar
7fa3a7746000-7fa3a7747000 r--s 00006000 08:06 5126596                    /home/elfemo/.gradle/wrapper/dists/gradle-3.3-all/55gk2rcmfc6p2dg9u9ohc3hw9/gradle-3.3/lib/plugins/jetty-naming-6.1.26.jar
7fa3a7747000-7fa3a7748000 r--s 00002000 08:06 5126444                    /home/elfemo/.gradle/wrapper/dists/gradle-3.3-all/55gk2rcmfc6p2dg9u9ohc3hw9/gradle-3.3/lib/plugins/geronimo-annotation_1.0_spec-1.0.jar
7fa3a7748000-7fa3a774a000 r--s 00002000 08:06 5126443                    /home/elfemo/.gradle/wrapper/dists/gradle-3.3-all/55gk2rcmfc6p2dg9u9ohc3hw9/gradle-3.3/lib/plugins/jetty-annotations-6.1.26.jar
7fa3a774a000-7fa3a775b000 r--s 000ea000 08:06 5126442                    /home/elfemo/.gradle/wrapper/dists/gradle-3.3-all/55gk2rcmfc6p2dg9u9ohc3hw9/gradle-3.3/lib/plugins/jsp-2.1-6.1.14.jar
7fa3a775b000-7fa3a775d000 r--s 0000d000 08:06 5126441                    /home/elfemo/.gradle/wrapper/dists/gradle-3.3-all/55gk2rcmfc6p2dg9u9ohc3hw9/gradle-3.3/lib/plugins/jetty-plus-6.1.26.jar
7fa3a775d000-7fa3a775f000 r--s 0001f000 08:06 5126440                    /home/elfemo/.gradle/wrapper/dists/gradle-3.3-all/55gk2rcmfc6p2dg9u9ohc3hw9/gradle-3.3/lib/plugins/servlet-api-2.5-20081211.jar
7fa3a775f000-7fa3a7763000 r--s 00028000 08:06 5126439                    /home/elfemo/.gradle/wrapper/dists/gradle-3.3-all/55gk2rcmfc6p2dg9u9ohc3hw9/gradle-3.3/lib/plugins/jetty-util-6.1.26.jar
7fa3a7763000-7fa3a776a000 r--s 0007d000 08:06 5126429                    /home/elfemo/.gradle/wrapper/dists/gradle-3.3-all/55gk2rcmfc6p2dg9u9ohc3hw9/gradle-3.3/lib/plugins/jetty-6.1.26.jar
7fa3a776a000-7fa3a776c000 r--s 0000a000 08:06 5126386                    /home/elfemo/.gradle/wrapper/dists/gradle-3.3-all/55gk2rcmfc6p2dg9u9ohc3hw9/gradle-3.3/lib/plugins/gradle-jetty-3.3.jar
7fa3a776c000-7fa3a7773000 r--s 00035000 08:06 5126579                    /home/elfemo/.gradle/wrapper/dists/gradle-3.3-all/55gk2rcmfc6p2dg9u9ohc3hw9/gradle-3.3/lib/plugins/simple-4.1.21.jar
7fa3a7773000-7fa3a777f000 r--s 00100000 08:06 5126577                    /home/elfemo/.gradle/wrapper/dists/gradle-3.3-all/55gk2rcmfc6p2dg9u9ohc3hw9/gradle-3.3/lib/plugins/rhino-1.7R3.jar
7fa3a777f000-7fa3a7783000 r--s 00012000 08:06 5126395                    /home/elfemo/.gradle/wrapper/dists/gradle-3.3-all/55gk2rcmfc6p2dg9u9ohc3hw9/gradle-3.3/lib/plugins/gradle-javascript-3.3.jar
7fa3a7783000-7fa3a7785000 r--s 0000d000 08:06 5126401                    /home/elfemo/.gradle/wrapper/dists/gradle-3.3-all/55gk2rcmfc6p2dg9u9ohc3hw9/gradle-3.3/lib/plugins/gradle-jacoco-3.3.jar
7fa3a7785000-7fa3a7788000 r--s 0000e000 08:06 5126400                    /home/elfemo/.gradle/wrapper/dists/gradle-3.3-all/55gk2rcmfc6p2dg9u9ohc3hw9/gradle-3.3/lib/plugins/gradle-ivy-3.3.jar
7fa3a7788000-7fa3a7789000 r--s 00002000 08:06 5126411                    /home/elfemo/.gradle/wrapper/dists/gradle-3.3-all/55gk2rcmfc6p2dg9u9ohc3hw9/gradle-3.3/lib/plugins/gradle-ide-play-3.3.jar
7fa3a7789000-7fa3a778c000 r--s 00013000 08:06 5126413                    /home/elfemo/.gradle/wrapper/dists/gradle-3.3-all/55gk2rcmfc6p2dg9u9ohc3hw9/gradle-3.3/lib/plugins/gradle-ide-native-3.3.jar
7fa3a778c000-7fa3a7795000 r--s 00055000 08:06 5126390                    /home/elfemo/.gradle/wrapper/dists/gradle-3.3-all/55gk2rcmfc6p2dg9u9ohc3hw9/gradle-3.3/lib/plugins/gradle-ide-3.3.jar
7fa3a7795000-7fa3a7797000 r--s 00007000 08:06 5126394                    /home/elfemo/.gradle/wrapper/dists/gradle-3.3-all/55gk2rcmfc6p2dg9u9ohc3hw9/gradle-3.3/lib/plugins/gradle-ear-3.3.jar
7fa3a7797000-7fa3a779d000 r--s 00039000 08:06 5126397                    /home/elfemo/.gradle/wrapper/dists/gradle-3.3-all/55gk2rcmfc6p2dg9u9ohc3hw9/gradle-3.3/lib/plugins/gradle-diagnostics-3.3.jar
7fa3a779d000-7fa3a779e000 r--s 00009000 08:06 5126423                    /home/elfemo/.gradle/wrapper/dists/gradle-3.3-all/55gk2rcmfc6p2dg9u9ohc3hw9/gradle-3.3/lib/plugins/gradle-composite-builds-3.3.jar
7fa3a779e000-7fa3a77a2000 r--s 00023000 08:06 5126385                    /home/elfemo/.gradle/wrapper/dists/gradle-3.3-all/55gk2rcmfc6p2dg9u9ohc3hw9/gradle-3.3/lib/plugins/gradle-code-quality-3.3.jar
7fa3a77a2000-7fa3a77a6000 r--s 00022000 08:06 5126402                    /home/elfemo/.gradle/wrapper/dists/gradle-3.3-all/55gk2rcmfc6p2dg9u9ohc3hw9/gradle-3.3/lib/plugins/gradle-build-init-3.3.jar
7fa3a77a6000-7fa3a77ac000 r--s 0008e000 08:06 5126396                    /home/elfemo/.gradle/wrapper/dists/gradle-3.3-all/55gk2rcmfc6p2dg9u9ohc3hw9/gradle-3.3/lib/plugins/gradle-build-comparison-3.3.jar
7fa3a77ac000-7fa3a77ad000 r--s 00001000 08:06 5126424                    /home/elfemo/.gradle/wrapper/dists/gradle-3.3-all/55gk2rcmfc6p2dg9u9ohc3hw9/gradle-3.3/lib/plugins/gradle-build-cache-http-3.3.jar
7fa3a77ad000-7fa3a77af000 r--s 00008000 08:06 5126387                    /home/elfemo/.gradle/wrapper/dists/gradle-3.3-all/55gk2rcmfc6p2dg9u9ohc3hw9/gradle-3.3/lib/plugins/gradle-antlr-3.3.jar
7fa3a77af000-7fa3a77b1000 r--s 00004000 08:06 5126391                    /home/elfemo/.gradle/wrapper/dists/gradle-3.3-all/55gk2rcmfc6p2dg9u9ohc3hw9/gradle-3.3/lib/plugins/gradle-announce-3.3.jar
7fa3a77b1000-7fa3a77c9000 r--s 00115000 08:06 5126628                    /home/elfemo/.gradle/wrapper/dists/gradle-3.3-all/55gk2rcmfc6p2dg9u9ohc3hw9/gradle-3.3/lib/plugins/xercesImpl-2.9.1.jar
7fa3a77c9000-7fa3a77d1000 r--s 00028000 08:06 5126629                    /home/elfemo/.gradle/wrapper/dists/gradle-3.3-all/55gk2rcmfc6p2dg9u9ohc3hw9/gradle-3.3/lib/plugins/xml-apis-1.3.04.jar
7fa3a77d1000-7fa3a77d7000 r--s 0005b000 08:06 5126627                    /home/elfemo/.gradle/wrapper/dists/gradle-3.3-all/55gk2rcmfc6p2dg9u9ohc3hw9/gradle-3.3/lib/plugins/jcifs-1.3.17.jar
7fa3a77d7000-7fa3a77dd000 r--s 00033000 08:06 5126575                    /home/elfemo/.gradle/wrapper/dists/gradle-3.3-all/55gk2rcmfc6p2dg9u9ohc3hw9/gradle-3.3/lib/plugins/commons-codec-1.6.jar
7fa3a77dd000-7fa3a77e4000 r--s 00049000 08:06 5126626                    /home/elfemo/.gradle/wrapper/dists/gradle-3.3-all/55gk2rcmfc6p2dg9u9ohc3hw9/gradle-3.3/lib/plugins/httpcore-4.4.4.jar
7fa3a77e4000-7fa3a77e7000 r--s 0001c000 08:06 5126584                    /home/elfemo/.gradle/wrapper/dists/gradle-3.3-all/55gk2rcmfc6p2dg9u9ohc3hw9/gradle-3.3/lib/plugins/nekohtml-1.9.14.jar
7fa3a77e7000-7fa3a77f4000 r--s 000a4000 08:06 5126583                    /home/elfemo/.gradle/wrapper/dists/gradle-3.3-all/55gk2rcmfc6p2dg9u9ohc3hw9/gradle-3.3/lib/plugins/httpclient-4.4.1.jar
7fa3a77f4000-7fa3a77f7000 r--s 0000a000 08:06 5126419                    /home/elfemo/.gradle/wrapper/dists/gradle-3.3-all/55gk2rcmfc6p2dg9u9ohc3hw9/gradle-3.3/lib/plugins/gradle-resources-http-3.3.jar
7fa3a77f7000-7fa3a77fb000 r--s 00015000 08:06 5126418                    /home/elfemo/.gradle/wrapper/dists/gradle-3.3-all/55gk2rcmfc6p2dg9u9ohc3hw9/gradle-3.3/lib/plugins/gradle-plugin-use-3.3.jar
7fa3a77fb000-7fa3a77fc000 r--s 00000000 08:06 5126322                    /home/elfemo/.gradle/wrapper/dists/gradle-3.3-all/55gk2rcmfc6p2dg9u9ohc3hw9/gradle-3.3/lib/gradle-installation-beacon-3.3.jar
7fa3a77fc000-7fa3a77fe000 r--s 00006000 08:06 5126622                    /home/elfemo/.gradle/wrapper/dists/gradle-3.3-all/55gk2rcmfc6p2dg9u9ohc3hw9/gradle-3.3/lib/plugins/aether-connector-wagon-1.13.1.jar
7fa3a77fe000-7fa3a7802000 r--s 0001c000 08:06 5126621                    /home/elfemo/.gradle/wrapper/dists/gradle-3.3-all/55gk2rcmfc6p2dg9u9ohc3hw9/gradle-3.3/lib/plugins/aether-util-1.13.1.jar
7fa3a7802000-7fa3a7803000 r--s 00003000 08:06 5126620                    /home/elfemo/.gradle/wrapper/dists/gradle-3.3-all/55gk2rcmfc6p2dg9u9ohc3hw9/gradle-3.3/lib/plugins/aether-spi-1.13.1.jar
7fa3a7803000-7fa3a7806000 r--s 0001d000 08:06 5126619                    /home/elfemo/.gradle/wrapper/dists/gradle-3.3-all/55gk2rcmfc6p2dg9u9ohc3hw9/gradle-3.3/lib/plugins/aether-impl-1.13.1.jar
7fa3a7806000-7fa3a7809000 r--s 00013000 08:06 5126618                    /home/elfemo/.gradle/wrapper/dists/gradle-3.3-all/55gk2rcmfc6p2dg9u9ohc3hw9/gradle-3.3/lib/plugins/aether-api-1.13.1.jar
7fa3a7809000-7fa3a780a000 r--s 00007000 08:06 5126617                    /home/elfemo/.gradle/wrapper/dists/gradle-3.3-all/55gk2rcmfc6p2dg9u9ohc3hw9/gradle-3.3/lib/plugins/wagon-http-shared4-2.4.jar
7fa3a780a000-7fa3a780c000 r--s 0000b000 08:06 5126616                    /home/elfemo/.gradle/wrapper/dists/gradle-3.3-all/55gk2rcmfc6p2dg9u9ohc3hw9/gradle-3.3/lib/plugins/wagon-provider-api-2.4.jar
7fa3a780c000-7fa3a780d000 r--s 00002000 08:06 5126615                    /home/elfemo/.gradle/wrapper/dists/gradle-3.3-all/55gk2rcmfc6p2dg9u9ohc3hw9/gradle-3.3/lib/plugins/wagon-http-2.4.jar
7fa3a780d000-7fa3a780e000 r--s 00002000 08:06 5126614                    /home/elfemo/.gradle/wrapper/dists/gradle-3.3-all/55gk2rcmfc6p2dg9u9ohc3hw9/gradle-3.3/lib/plugins/wagon-file-2.4.jar
7fa3a780e000-7fa3a7810000 r--s 0000c000 08:06 5126613                    /home/elfemo/.gradle/wrapper/dists/gradle-3.3-all/55gk2rcmfc6p2dg9u9ohc3hw9/gradle-3.3/lib/plugins/maven-aether-provider-3.0.4.jar
7fa3a7810000-7fa3a7812000 r--s 0000b000 08:06 5126612                    /home/elfemo/.gradle/wrapper/dists/gradle-3.3-all/55gk2rcmfc6p2dg9u9ohc3hw9/gradle-3.3/lib/plugins/maven-plugin-api-3.0.4.jar
7fa3a7812000-7fa3a7814000 r--s 00006000 08:06 5126611                    /home/elfemo/.gradle/wrapper/dists/gradle-3.3-all/55gk2rcmfc6p2dg9u9ohc3hw9/gradle-3.3/lib/plugins/maven-repository-metadata-3.0.4.jar
7fa3a7814000-7fa3a7816000 r--s 0000b000 08:06 5126610                    /home/elfemo/.gradle/wrapper/dists/gradle-3.3-all/55gk2rcmfc6p2dg9u9ohc3hw9/gradle-3.3/lib/plugins/maven-artifact-3.0.4.jar
7fa3a7816000-7fa3a7818000 r--s 00026000 08:06 5126609                    /home/elfemo/.gradle/wrapper/dists/gradle-3.3-all/55gk2rcmfc6p2dg9u9ohc3hw9/gradle-3.3/lib/plugins/maven-model-3.0.4.jar
7fa3a7818000-7fa3a781c000 r--s 00021000 08:06 5126608                    /home/elfemo/.gradle/wrapper/dists/gradle-3.3-all/55gk2rcmfc6p2dg9u9ohc3hw9/gradle-3.3/lib/plugins/maven-model-builder-3.0.4.jar
7fa3a781c000-7fa3a7822000 r--s 0003f000 08:06 5126607                    /home/elfemo/.gradle/wrapper/dists/gradle-3.3-all/55gk2rcmfc6p2dg9u9ohc3hw9/gradle-3.3/lib/plugins/maven-compat-3.0.4.jar
7fa3a7822000-7fa3a7823000 r--s 00006000 08:06 5126606                    /home/elfemo/.gradle/wrapper/dists/gradle-3.3-all/55gk2rcmfc6p2dg9u9ohc3hw9/gradle-3.3/lib/plugins/plexus-sec-dispatcher-1.3.jar
7fa3a7823000-7fa3a7863000 r--s 00277000 08:06 5126595                    /home/elfemo/.gradle/wrapper/dists/gradle-3.3-all/55gk2rcmfc6p2dg9u9ohc3hw9/gradle-3.3/lib/plugins/bcprov-jdk15on-1.51.jar
7fa3a7863000-7fa3a7879000 r-xp 00000000 08:06 2232953                    /lib/x86_64-linux-gnu/libgcc_s.so.1
7fa3a7879000-7fa3a7a78000 ---p 00016000 08:06 2232953                    /lib/x86_64-linux-gnu/libgcc_s.so.1
7fa3a7a78000-7fa3a7a79000 rw-p 00015000 08:06 2232953                    /lib/x86_64-linux-gnu/libgcc_s.so.1
7fa3a7a79000-7fa3a7beb000 r-xp 00000000 08:06 4468042                    /usr/lib/x86_64-linux-gnu/libstdc++.so.6.0.21
7fa3a7beb000-7fa3a7deb000 ---p 00172000 08:06 4468042                    /usr/lib/x86_64-linux-gnu/libstdc++.so.6.0.21
7fa3a7deb000-7fa3a7df5000 r--p 00172000 08:06 4468042                    /usr/lib/x86_64-linux-gnu/libstdc++.so.6.0.21
7fa3a7df5000-7fa3a7df7000 rw-p 0017c000 08:06 4468042                    /usr/lib/x86_64-linux-gnu/libstdc++.so.6.0.21
7fa3a7df7000-7fa3a7dfb000 rw-p 00000000 00:00 0 
7fa3a7dfb000-7fa3a7e00000 r-xp 00000000 08:06 5126927                    /home/elfemo/.gradle/native/23/linux-amd64/libnative-platform.so
7fa3a7e00000-7fa3a7fff000 ---p 00005000 08:06 5126927                    /home/elfemo/.gradle/native/23/linux-amd64/libnative-platform.so
7fa3a7fff000-7fa3a8000000 rw-p 00004000 08:06 5126927                    /home/elfemo/.gradle/native/23/linux-amd64/libnative-platform.so
7fa3a8000000-7fa3a8021000 rw-p 00000000 00:00 0 
7fa3a8021000-7fa3ac000000 ---p 00000000 00:00 0 
7fa3ac000000-7fa3ac021000 rw-p 00000000 00:00 0 
7fa3ac021000-7fa3b0000000 ---p 00000000 00:00 0 
7fa3b0000000-7fa3b2264000 rw-p 00000000 00:00 0 
7fa3b2264000-7fa3b4000000 ---p 00000000 00:00 0 
7fa3b4000000-7fa3b5000000 rw-p 00000000 00:00 0 
7fa3b5000000-7fa3b8000000 ---p 00000000 00:00 0 
7fa3b8000000-7fa3b8021000 rw-p 00000000 00:00 0 
7fa3b8021000-7fa3bc000000 ---p 00000000 00:00 0 
7fa3bc000000-7fa3bea8d000 rw-p 00000000 00:00 0 
7fa3bea8d000-7fa3c0000000 ---p 00000000 00:00 0 
7fa3c0000000-7fa3c0021000 rw-p 00000000 00:00 0 
7fa3c0021000-7fa3c4000000 ---p 00000000 00:00 0 
7fa3c4000000-7fa3c4021000 rw-p 00000000 00:00 0 
7fa3c4021000-7fa3c8000000 ---p 00000000 00:00 0 
7fa3c8000000-7fa3c8131000 rw-p 00000000 00:00 0 
7fa3c8131000-7fa3cc000000 ---p 00000000 00:00 0 
7fa3cc000000-7fa3cc420000 rw-p 00000000 00:00 0 
7fa3cc420000-7fa3d0000000 ---p 00000000 00:00 0 
7fa3d0000000-7fa3d0042000 rw-p 00000000 00:00 0 
7fa3d0042000-7fa3d4000000 ---p 00000000 00:00 0 
7fa3d4000000-7fa3d4032000 rw-p 00000000 00:00 0 
7fa3d4032000-7fa3d8000000 ---p 00000000 00:00 0 
7fa3d8000000-7fa3d8024000 rw-p 00000000 00:00 0 
7fa3d8024000-7fa3dc000000 ---p 00000000 00:00 0 
7fa3dc000000-7fa3dc002000 r--s 00002000 08:06 5126605                    /home/elfemo/.gradle/wrapper/dists/gradle-3.3-all/55gk2rcmfc6p2dg9u9ohc3hw9/gradle-3.3/lib/plugins/plexus-cipher-1.7.jar
7fa3dc002000-7fa3dc004000 r--s 0000a000 08:06 5126604                    /home/elfemo/.gradle/wrapper/dists/gradle-3.3-all/55gk2rcmfc6p2dg9u9ohc3hw9/gradle-3.3/lib/plugins/plexus-classworlds-2.4.jar
7fa3dc004000-7fa3dc00b000 r--s 0002e000 08:06 5126603                    /home/elfemo/.gradle/wrapper/dists/gradle-3.3-all/55gk2rcmfc6p2dg9u9ohc3hw9/gradle-3.3/lib/plugins/plexus-container-default-1.5.5.jar
7fa3dc00b000-7fa3dc00d000 r--s 00000000 08:06 5126630                    /home/elfemo/.gradle/wrapper/dists/gradle-3.3-all/55gk2rcmfc6p2dg9u9ohc3hw9/gradle-3.3/lib/plugins/plexus-component-annotations-1.5.5.jar
7fa3dc00d000-7fa3dc00f000 r--s 0000d000 08:06 5126602                    /home/elfemo/.gradle/wrapper/dists/gradle-3.3-all/55gk2rcmfc6p2dg9u9ohc3hw9/gradle-3.3/lib/plugins/plexus-interpolation-1.14.jar
7fa3dc00f000-7fa3dc013000 r--s 00033000 08:06 5126601                    /home/elfemo/.gradle/wrapper/dists/gradle-3.3-all/55gk2rcmfc6p2dg9u9ohc3hw9/gradle-3.3/lib/plugins/plexus-utils-2.0.6.jar
7fa3dc013000-7fa3dc016000 r--s 00008000 08:06 5126600                    /home/elfemo/.gradle/wrapper/dists/gradle-3.3-all/55gk2rcmfc6p2dg9u9ohc3hw9/gradle-3.3/lib/plugins/maven-settings-builder-3.0.4.jar
7fa3dc016000-7fa3dc018000 r--s 0000a000 08:06 5126599                    /home/elfemo/.gradle/wrapper/dists/gradle-3.3-all/55gk2rcmfc6p2dg9u9ohc3hw9/gradle-3.3/lib/plugins/maven-settings-3.0.4.jar
7fa3dc018000-7fa3dc01d000 r--s 00040000 08:06 5126585                    /home/elfemo/.gradle/wrapper/dists/gradle-3.3-all/55gk2rcmfc6p2dg9u9ohc3hw9/gradle-3.3/lib/plugins/jsch-0.1.53.jar
7fa3dc01d000-7fa3dc021000 r--s 0001d000 08:06 5126594                    /home/elfemo/.gradle/wrapper/dists/gradle-3.3-all/55gk2rcmfc6p2dg9u9ohc3hw9/gradle-3.3/lib/plugins/xbean-reflect-3.4.jar
7fa3dc021000-7fa3dc02d000 r--s 0007d000 08:06 5126446                    /home/elfemo/.gradle/wrapper/dists/gradle-3.3-all/55gk2rcmfc6p2dg9u9ohc3hw9/gradle-3.3/lib/plugins/maven-core-3.0.4.jar
7fa3dc02d000-7fa3dc032000 r--s 00034000 08:06 5126578                    /home/elfemo/.gradle/wrapper/dists/gradle-3.3-all/55gk2rcmfc6p2dg9u9ohc3hw9/gradle-3.3/lib/plugins/gson-2.7.jar
7fa3dc032000-7fa3dc041000 r--s 000d9000 08:06 5126593                    /home/elfemo/.gradle/wrapper/dists/gradle-3.3-all/55gk2rcmfc6p2dg9u9ohc3hw9/gradle-3.3/lib/plugins/ivy-2.2.0.jar
7fa3dc041000-7fa3dc060000 r--s 000f6000 08:06 5126426                    /home/elfemo/.gradle/wrapper/dists/gradle-3.3-all/55gk2rcmfc6p2dg9u9ohc3hw9/gradle-3.3/lib/plugins/gradle-dependency-management-3.3.jar
7fa3dc060000-7fa3dc062000 r--s 00005000 08:06 5126425                    /home/elfemo/.gradle/wrapper/dists/gradle-3.3-all/55gk2rcmfc6p2dg9u9ohc3hw9/gradle-3.3/lib/plugins/gradle-workers-3.3.jar
7fa3dc062000-7fa3dc073000 r-xp 00000000 08:06 6426476                    /home/elfemo/mkn/android/android-studio/jre/jre/lib/amd64/libnio.so
7fa3dc073000-7fa3dc272000 ---p 00011000 08:06 6426476                    /home/elfemo/mkn/android/android-studio/jre/jre/lib/amd64/libnio.so
7fa3dc272000-7fa3dc273000 r--p 00010000 08:06 6426476                    /home/elfemo/mkn/android/android-studio/jre/jre/lib/amd64/libnio.so
7fa3dc273000-7fa3dc274000 rw-p 00011000 08:06 6426476                    /home/elfemo/mkn/android/android-studio/jre/jre/lib/amd64/libnio.so
7fa3dc274000-7fa3dc575000 rw-p 00000000 00:00 0 
7fa3dc575000-7fa3dc58c000 r-xp 00000000 08:06 6426475                    /home/elfemo/mkn/android/android-studio/jre/jre/lib/amd64/libnet.so
7fa3dc58c000-7fa3dc78b000 ---p 00017000 08:06 6426475                    /home/elfemo/mkn/android/android-studio/jre/jre/lib/amd64/libnet.so
7fa3dc78b000-7fa3dc78c000 r--p 00016000 08:06 6426475                    /home/elfemo/mkn/android/android-studio/jre/jre/lib/amd64/libnet.so
7fa3dc78c000-7fa3dc78d000 rw-p 00017000 08:06 6426475                    /home/elfemo/mkn/android/android-studio/jre/jre/lib/amd64/libnet.so
7fa3dc78d000-7fa3dc78e000 r--s 00006000 08:06 5126321                    /home/elfemo/.gradle/wrapper/dists/gradle-3.3-all/55gk2rcmfc6p2dg9u9ohc3hw9/gradle-3.3/lib/gradle-wrapper-3.3.jar
7fa3dc78e000-7fa3dc79b000 r--s 00041000 08:06 5126328                    /home/elfemo/.gradle/wrapper/dists/gradle-3.3-all/55gk2rcmfc6p2dg9u9ohc3hw9/gradle-3.3/lib/gradle-tooling-api-3.3.jar
7fa3dc79b000-7fa3dc79d000 r--s 00002000 08:06 5126356                    /home/elfemo/.gradle/wrapper/dists/gradle-3.3-all/55gk2rcmfc6p2dg9u9ohc3hw9/gradle-3.3/lib/gradle-open-api-3.3.jar
7fa3dc79d000-7fa3dc7a3000 r--s 00032000 08:06 5126358                    /home/elfemo/.gradle/wrapper/dists/gradle-3.3-all/55gk2rcmfc6p2dg9u9ohc3hw9/gradle-3.3/lib/jaxen-1.1.jar
7fa3dc7a3000-7fa3dc7a8000 r--s 00048000 08:06 5126357                    /home/elfemo/.gradle/wrapper/dists/gradle-3.3-all/55gk2rcmfc6p2dg9u9ohc3hw9/gradle-3.3/lib/dom4j-1.6.1.jar
7fa3dc7a8000-7fa3dc7b3000 r--s 00059000 08:06 5126327                    /home/elfemo/.gradle/wrapper/dists/gradle-3.3-all/55gk2rcmfc6p2dg9u9ohc3hw9/gradle-3.3/lib/gradle-ui-3.3.jar
7fa3dc7b3000-7fa3dc7bc000 r--s 0008c000 08:06 5126319                    /home/elfemo/.gradle/wrapper/dists/gradle-3.3-all/55gk2rcmfc6p2dg9u9ohc3hw9/gradle-3.3/lib/kotlin-stdlib-1.1-M02.jar
7fa3dc7bc000-7fa3dc7c2000 r--s 0002a000 08:06 5126318                    /home/elfemo/.gradle/wrapper/dists/gradle-3.3-all/55gk2rcmfc6p2dg9u9ohc3hw9/gradle-3.3/lib/kotlin-runtime-1.1-M02.jar
7fa3dc7c2000-7fa3dc7f6000 r--s 00256000 08:06 5126317                    /home/elfemo/.gradle/wrapper/dists/gradle-3.3-all/55gk2rcmfc6p2dg9u9ohc3hw9/gradle-3.3/lib/kotlin-reflect-1.1-M02.jar
7fa3dc7f6000-7fa3dc98c000 r--s 0157e000 08:06 5126316                    /home/elfemo/.gradle/wrapper/dists/gradle-3.3-all/55gk2rcmfc6p2dg9u9ohc3hw9/gradle-3.3/lib/kotlin-compiler-embeddable-1.1-M02.jar
7fa3dc98c000-7fa3dc994000 r--s 0004e000 08:06 5126315                    /home/elfemo/.gradle/wrapper/dists/gradle-3.3-all/55gk2rcmfc6p2dg9u9ohc3hw9/gradle-3.3/lib/gradle-script-kotlin-0.5.1.jar
7fa3dc994000-7fa3dc997000 r--s 0000b000 08:06 5126354                    /home/elfemo/.gradle/wrapper/dists/gradle-3.3-all/55gk2rcmfc6p2dg9u9ohc3hw9/gradle-3.3/lib/gradle-resources-3.3.jar
7fa3dc997000-7fa3dc999000 r--s 00003000 08:06 5126363                    /home/elfemo/.gradle/wrapper/dists/gradle-3.3-all/55gk2rcmfc6p2dg9u9ohc3hw9/gradle-3.3/lib/jcl-over-slf4j-1.7.10.jar
7fa3dc999000-7fa3dc99a000 r--s 00005000 08:06 5126362                    /home/elfemo/.gradle/wrapper/dists/gradle-3.3-all/55gk2rcmfc6p2dg9u9ohc3hw9/gradle-3.3/lib/log4j-over-slf4j-1.7.10.jar
7fa3dc99a000-7fa3dc99c000 r--s 00000000 08:06 5126361                    /home/elfemo/.gradle/wrapper/dists/gradle-3.3-all/55gk2rcmfc6p2dg9u9ohc3hw9/gradle-3.3/lib/jul-to-slf4j-1.7.10.jar
7fa3dc99c000-7fa3dc9a1000 r--s 0001e000 08:06 5126330                    /home/elfemo/.gradle/wrapper/dists/gradle-3.3-all/55gk2rcmfc6p2dg9u9ohc3hw9/gradle-3.3/lib/gradle-logging-3.3.jar
7fa3dc9a1000-7fa3dc9a3000 r--s 00007000 08:06 5126382                    /home/elfemo/.gradle/wrapper/dists/gradle-3.3-all/55gk2rcmfc6p2dg9u9ohc3hw9/gradle-3.3/lib/objenesis-1.2.jar
7fa3dc9a3000-7fa3dc9a5000 r--s 00000000 08:06 5126381                    /home/elfemo/.gradle/wrapper/dists/gradle-3.3-all/55gk2rcmfc6p2dg9u9ohc3hw9/gradle-3.3/lib/minlog-1.2.jar
7fa3dc9a5000-7fa3dc9a7000 r--s 0000f000 08:06 5126380                    /home/elfemo/.gradle/wrapper/dists/gradle-3.3-all/55gk2rcmfc6p2dg9u9ohc3hw9/gradle-3.3/lib/reflectasm-1.07-shaded.jar
7fa3dc9a7000-7fa3dc9ab000 r--s 00026000 08:06 5126365                    /home/elfemo/.gradle/wrapper/dists/gradle-3.3-all/55gk2rcmfc6p2dg9u9ohc3hw9/gradle-3.3/lib/kryo-2.20.jar
7fa3dc9ab000-7fa3dc9b1000 r--s 00027000 08:06 5126353                    /home/elfemo/.gradle/wrapper/dists/gradle-3.3-all/55gk2rcmfc6p2dg9u9ohc3hw9/gradle-3.3/lib/gradle-messaging-3.3.jar
7fa3dc9b1000-7fa3dc9b2000 r--s 00001000 08:06 5126379                    /home/elfemo/.gradle/wrapper/dists/gradle-3.3-all/55gk2rcmfc6p2dg9u9ohc3hw9/gradle-3.3/lib/native-platform-linux-i386-ncurses6-0.12.jar
7fa3dc9b2000-7fa3dc9b3000 r--s 00001000 08:06 5126378                    /home/elfemo/.gradle/wrapper/dists/gradle-3.3-all/55gk2rcmfc6p2dg9u9ohc3hw9/gradle-3.3/lib/native-platform-linux-i386-ncurses5-0.12.jar
7fa3dc9b3000-7fa3dc9b4000 r--s 00001000 08:06 5126377                    /home/elfemo/.gradle/wrapper/dists/gradle-3.3-all/55gk2rcmfc6p2dg9u9ohc3hw9/gradle-3.3/lib/native-platform-linux-amd64-ncurses6-0.12.jar
7fa3dc9b4000-7fa3dc9b5000 r--s 00001000 08:06 5126376                    /home/elfemo/.gradle/wrapper/dists/gradle-3.3-all/55gk2rcmfc6p2dg9u9ohc3hw9/gradle-3.3/lib/native-platform-linux-amd64-ncurses5-0.12.jar
7fa3dc9b5000-7fa3dc9b6000 r--s 0000b000 08:06 5126375                    /home/elfemo/.gradle/wrapper/dists/gradle-3.3-all/55gk2rcmfc6p2dg9u9ohc3hw9/gradle-3.3/lib/native-platform-windows-i386-0.12.jar
7fa3dc9b6000-7fa3dc9b8000 r--s 0000b000 08:06 5126374                    /home/elfemo/.gradle/wrapper/dists/gradle-3.3-all/55gk2rcmfc6p2dg9u9ohc3hw9/gradle-3.3/lib/native-platform-windows-amd64-0.12.jar
7fa3dc9b8000-7fa3dc9ba000 r--s 00002000 08:06 5126373                    /home/elfemo/.gradle/wrapper/dists/gradle-3.3-all/55gk2rcmfc6p2dg9u9ohc3hw9/gradle-3.3/lib/native-platform-osx-i386-0.12.jar
7fa3dc9ba000-7fa3dc9bb000 r--s 00002000 08:06 5126372                    /home/elfemo/.gradle/wrapper/dists/gradle-3.3-all/55gk2rcmfc6p2dg9u9ohc3hw9/gradle-3.3/lib/native-platform-osx-amd64-0.12.jar
7fa3dc9bb000-7fa3dc9bc000 r--s 00002000 08:06 5126371                    /home/elfemo/.gradle/wrapper/dists/gradle-3.3-all/55gk2rcmfc6p2dg9u9ohc3hw9/gradle-3.3/lib/native-platform-linux-i386-0.12.jar
7fa3dc9bc000-7fa3dc9bd000 r--s 00002000 08:06 5126370                    /home/elfemo/.gradle/wrapper/dists/gradle-3.3-all/55gk2rcmfc6p2dg9u9ohc3hw9/gradle-3.3/lib/native-platform-linux-amd64-0.12.jar
7fa3dc9bd000-7fa3dc9be000 r--s 00003000 08:06 5126369                    /home/elfemo/.gradle/wrapper/dists/gradle-3.3-all/55gk2rcmfc6p2dg9u9ohc3hw9/gradle-3.3/lib/native-platform-freebsd-i386-libstdcpp-0.12.jar
7fa3dc9be000-7fa3dc9bf000 r--s 00004000 08:06 5126368                    /home/elfemo/.gradle/wrapper/dists/gradle-3.3-all/55gk2rcmfc6p2dg9u9ohc3hw9/gradle-3.3/lib/native-platform-freebsd-i386-libcpp-0.12.jar
7fa3dc9bf000-7fa3dc9c1000 r--s 00003000 08:06 5126367                    /home/elfemo/.gradle/wrapper/dists/gradle-3.3-all/55gk2rcmfc6p2dg9u9ohc3hw9/gradle-3.3/lib/native-platform-freebsd-amd64-libstdcpp-0.12.jar
7fa3dc9c1000-7fa3dc9c4000 r--s 00023000 08:06 5126360                    /home/elfemo/.gradle/wrapper/dists/gradle-3.3-all/55gk2rcmfc6p2dg9u9ohc3hw9/gradle-3.3/lib/jansi-1.14.jar
7fa3dc9c4000-7fa3dc9c8000 r--s 00011000 08:06 5126359                    /home/elfemo/.gradle/wrapper/dists/gradle-3.3-all/55gk2rcmfc6p2dg9u9ohc3hw9/gradle-3.3/lib/native-platform-0.12.jar
7fa3dc9c8000-7fa3dc9cb000 r--s 0000a000 08:06 5126329                    /home/elfemo/.gradle/wrapper/dists/gradle-3.3-all/55gk2rcmfc6p2dg9u9ohc3hw9/gradle-3.3/lib/gradle-native-3.3.jar
7fa3dc9cb000-7fa3dc9cd000 r--s 00005000 08:06 5126326                    /home/elfemo/.gradle/wrapper/dists/gradle-3.3-all/55gk2rcmfc6p2dg9u9ohc3hw9/gradle-3.3/lib/gradle-cli-3.3.jar
7fa3dc9cd000-7fa3dc9cf000 r--s 00007000 08:06 5126337                    /home/elfemo/.gradle/wrapper/dists/gradle-3.3-all/55gk2rcmfc6p2dg9u9ohc3hw9/gradle-3.3/lib/gradle-model-groovy-3.3.jar
7fa3dc9cf000-7fa3dc9d1000 r--s 00006000 08:06 5126352                    /home/elfemo/.gradle/wrapper/dists/gradle-3.3-all/55gk2rcmfc6p2dg9u9ohc3hw9/gradle-3.3/lib/gradle-base-services-groovy-3.3.jar
7fa3dc9d1000-7fa3dc9e0000 r--s 0007f000 08:06 5126336                    /home/elfemo/.gradle/wrapper/dists/gradle-3.3-all/55gk2rcmfc6p2dg9u9ohc3hw9/gradle-3.3/lib/gradle-model-core-3.3.jar
7fa3dc9e0000-7fa3dca50000 r--s 00641000 08:06 5126335                    /home/elfemo/.gradle/wrapper/dists/gradle-3.3-all/55gk2rcmfc6p2dg9u9ohc3hw9/gradle-3.3/lib/groovy-all-2.4.7.jar
7fa3dca50000-7fa3dca78000 r--s 001cf000 08:06 5126332                    /home/elfemo/.gradle/wrapper/dists/gradle-3.3-all/55gk2rcmfc6p2dg9u9ohc3hw9/gradle-3.3/lib/guava-jdk5-17.0.jar
7fa3dca78000-7fa3dca97000 r--s 001d1000 08:06 5126339                    /home/elfemo/.gradle/wrapper/dists/gradle-3.3-all/55gk2rcmfc6p2dg9u9ohc3hw9/gradle-3.3/lib/ant-1.9.6.jar
7fa3dca97000-7fa3dcad4000 r--s 001f8000 08:06 5126325                    /home/elfemo/.gradle/wrapper/dists/gradle-3.3-all/55gk2rcmfc6p2dg9u9ohc3hw9/gradle-3.3/lib/gradle-core-3.3.jar
7fa3dcad4000-7fa3dcad5000 ---p 00000000 00:00 0 
7fa3dcad5000-7fa3dcbd5000 rw-p 00000000 00:00 0 
7fa3dcbd5000-7fa3dcbd8000 ---p 00000000 00:00 0 
7fa3dcbd8000-7fa3dccd6000 rw-p 00000000 00:00 0 
7fa3dccd6000-7fa3dccd9000 ---p 00000000 00:00 0 
7fa3dccd9000-7fa3dcdd7000 rw-p 00000000 00:00 0 
7fa3dcdd7000-7fa3dcdda000 ---p 00000000 00:00 0 
7fa3dcdda000-7fa3dced8000 rw-p 00000000 00:00 0 
7fa3dced8000-7fa3dcedb000 ---p 00000000 00:00 0 
7fa3dcedb000-7fa3dcfd9000 rw-p 00000000 00:00 0 
7fa3dcfd9000-7fa3dcfdc000 ---p 00000000 00:00 0 
7fa3dcfdc000-7fa3dd0da000 rw-p 00000000 00:00 0 
7fa3dd0da000-7fa3dd3b2000 r--p 00000000 08:06 4465120                    /usr/lib/locale/locale-archive
7fa3dd3b2000-7fa3dd3b5000 ---p 00000000 00:00 0 
7fa3dd3b5000-7fa3dd4b3000 rw-p 00000000 00:00 0 
7fa3dd4b3000-7fa3dd4b6000 ---p 00000000 00:00 0 
7fa3dd4b6000-7fa3dd5b4000 rw-p 00000000 00:00 0 
7fa3dd5b4000-7fa3dd5b5000 ---p 00000000 00:00 0 
7fa3dd5b5000-7fa3e1000000 rw-p 00000000 00:00 0 
7fa3e1000000-7fa3e3f70000 rwxp 00000000 00:00 0 
7fa3e3f70000-7fa3f0000000 ---p 00000000 00:00 0 
7fa3f0000000-7fa3f0cba000 rw-p 00000000 00:00 0 
7fa3f0cba000-7fa3f4000000 ---p 00000000 00:00 0 
7fa3f4000000-7fa3f4001000 r--s 00004000 08:06 5126366                    /home/elfemo/.gradle/wrapper/dists/gradle-3.3-all/55gk2rcmfc6p2dg9u9ohc3hw9/gradle-3.3/lib/native-platform-freebsd-amd64-libcpp-0.12.jar
7fa3f4001000-7fa3f4002000 r--s 00002000 08:06 5126355                    /home/elfemo/.gradle/wrapper/dists/gradle-3.3-all/55gk2rcmfc6p2dg9u9ohc3hw9/gradle-3.3/lib/gradle-docs-3.3.jar
7fa3f4002000-7fa3f400f000 r--s 00083000 08:06 5126340                    /home/elfemo/.gradle/wrapper/dists/gradle-3.3-all/55gk2rcmfc6p2dg9u9ohc3hw9/gradle-3.3/lib/commons-collections-3.2.2.jar
7fa3f400f000-7fa3f46a5000 rw-p 00000000 00:00 0 
7fa3f46a5000-7fa3f4874000 r--s 03c1b000 08:06 6426443                    /home/elfemo/mkn/android/android-studio/jre/jre/lib/rt.jar
7fa3f4874000-7fa3f53ea000 rw-p 00000000 00:00 0 
7fa3f53ea000-7fa3f53eb000 ---p 00000000 00:00 0 
7fa3f53eb000-7fa3f54eb000 rw-p 00000000 00:00 0 
7fa3f54eb000-7fa3f54ec000 ---p 00000000 00:00 0 
7fa3f54ec000-7fa3f55ec000 rw-p 00000000 00:00 0 
7fa3f55ec000-7fa3f55ed000 ---p 00000000 00:00 0 
7fa3f55ed000-7fa3f56ed000 rw-p 00000000 00:00 0 
7fa3f56ed000-7fa3f56ee000 ---p 00000000 00:00 0 
7fa3f56ee000-7fa3f58c9000 rw-p 00000000 00:00 0 
7fa3f58c9000-7fa3f59ee000 ---p 00000000 00:00 0 
7fa3f59ee000-7fa3f5ac9000 rw-p 00000000 00:00 0 
7fa3f5ac9000-7fa3f5bee000 ---p 00000000 00:00 0 
7fa3f5bee000-7fa3f5cee000 rw-p 00000000 00:00 0 
7fa3f5cee000-7fa3f5dad000 rw-p 00000000 00:00 0 
7fa3f5dad000-7fa3f60af000 ---p 00000000 00:00 0 
7fa3f60af000-7fa3f60c9000 r-xp 00000000 08:06 6426460                    /home/elfemo/mkn/android/android-studio/jre/jre/lib/amd64/libzip.so
7fa3f60c9000-7fa3f62c9000 ---p 0001a000 08:06 6426460                    /home/elfemo/mkn/android/android-studio/jre/jre/lib/amd64/libzip.so
7fa3f62c9000-7fa3f62ca000 r--p 0001a000 08:06 6426460                    /home/elfemo/mkn/android/android-studio/jre/jre/lib/amd64/libzip.so
7fa3f62ca000-7fa3f62cb000 rw-p 0001b000 08:06 6426460                    /home/elfemo/mkn/android/android-studio/jre/jre/lib/amd64/libzip.so
7fa3f62cb000-7fa3f62d6000 r-xp 00000000 08:06 2229731                    /lib/x86_64-linux-gnu/libnss_files-2.23.so
7fa3f62d6000-7fa3f64d5000 ---p 0000b000 08:06 2229731                    /lib/x86_64-linux-gnu/libnss_files-2.23.so
7fa3f64d5000-7fa3f64d6000 r--p 0000a000 08:06 2229731                    /lib/x86_64-linux-gnu/libnss_files-2.23.so
7fa3f64d6000-7fa3f64d7000 rw-p 0000b000 08:06 2229731                    /lib/x86_64-linux-gnu/libnss_files-2.23.so
7fa3f64d7000-7fa3f64dd000 rw-p 00000000 00:00 0 
7fa3f64dd000-7fa3f64e8000 r-xp 00000000 08:06 2229711                    /lib/x86_64-linux-gnu/libnss_nis-2.23.so
7fa3f64e8000-7fa3f66e7000 ---p 0000b000 08:06 2229711                    /lib/x86_64-linux-gnu/libnss_nis-2.23.so
7fa3f66e7000-7fa3f66e8000 r--p 0000a000 08:06 2229711                    /lib/x86_64-linux-gnu/libnss_nis-2.23.so
7fa3f66e8000-7fa3f66e9000 rw-p 0000b000 08:06 2229711                    /lib/x86_64-linux-gnu/libnss_nis-2.23.so
7fa3f66e9000-7fa3f66ff000 r-xp 00000000 08:06 2229717                    /lib/x86_64-linux-gnu/libnsl-2.23.so
7fa3f66ff000-7fa3f68fe000 ---p 00016000 08:06 2229717                    /lib/x86_64-linux-gnu/libnsl-2.23.so
7fa3f68fe000-7fa3f68ff000 r--p 00015000 08:06 2229717                    /lib/x86_64-linux-gnu/libnsl-2.23.so
7fa3f68ff000-7fa3f6900000 rw-p 00016000 08:06 2229717                    /lib/x86_64-linux-gnu/libnsl-2.23.so
7fa3f6900000-7fa3f6902000 rw-p 00000000 00:00 0 
7fa3f6902000-7fa3f690a000 r-xp 00000000 08:06 2229735                    /lib/x86_64-linux-gnu/libnss_compat-2.23.so
7fa3f690a000-7fa3f6b09000 ---p 00008000 08:06 2229735                    /lib/x86_64-linux-gnu/libnss_compat-2.23.so
7fa3f6b09000-7fa3f6b0a000 r--p 00007000 08:06 2229735                    /lib/x86_64-linux-gnu/libnss_compat-2.23.so
7fa3f6b0a000-7fa3f6b0b000 rw-p 00008000 08:06 2229735                    /lib/x86_64-linux-gnu/libnss_compat-2.23.so
7fa3f6b0b000-7fa3f6b38000 r-xp 00000000 08:06 6426478                    /home/elfemo/mkn/android/android-studio/jre/jre/lib/amd64/libjava.so
7fa3f6b38000-7fa3f6d37000 ---p 0002d000 08:06 6426478                    /home/elfemo/mkn/android/android-studio/jre/jre/lib/amd64/libjava.so
7fa3f6d37000-7fa3f6d38000 r--p 0002c000 08:06 6426478                    /home/elfemo/mkn/android/android-studio/jre/jre/lib/amd64/libjava.so
7fa3f6d38000-7fa3f6d3a000 rw-p 0002d000 08:06 6426478                    /home/elfemo/mkn/android/android-studio/jre/jre/lib/amd64/libjava.so
7fa3f6d3a000-7fa3f6d4a000 r-xp 00000000 08:06 6426449                    /home/elfemo/mkn/android/android-studio/jre/jre/lib/amd64/libverify.so
7fa3f6d4a000-7fa3f6f49000 ---p 00010000 08:06 6426449                    /home/elfemo/mkn/android/android-studio/jre/jre/lib/amd64/libverify.so
7fa3f6f49000-7fa3f6f4b000 r--p 0000f000 08:06 6426449                    /home/elfemo/mkn/android/android-studio/jre/jre/lib/amd64/libverify.so
7fa3f6f4b000-7fa3f6f4c000 rw-p 00011000 08:06 6426449                    /home/elfemo/mkn/android/android-studio/jre/jre/lib/amd64/libverify.so
7fa3f6f4c000-7fa3f6f53000 r-xp 00000000 08:06 2229739                    /lib/x86_64-linux-gnu/librt-2.23.so
7fa3f6f53000-7fa3f7152000 ---p 00007000 08:06 2229739                    /lib/x86_64-linux-gnu/librt-2.23.so
7fa3f7152000-7fa3f7153000 r--p 00006000 08:06 2229739                    /lib/x86_64-linux-gnu/librt-2.23.so
7fa3f7153000-7fa3f7154000 rw-p 00007000 08:06 2229739                    /lib/x86_64-linux-gnu/librt-2.23.so
7fa3f7154000-7fa3f725c000 r-xp 00000000 08:06 2229712                    /lib/x86_64-linux-gnu/libm-2.23.so
7fa3f725c000-7fa3f745b000 ---p 00108000 08:06 2229712                    /lib/x86_64-linux-gnu/libm-2.23.so
7fa3f745b000-7fa3f745c000 r--p 00107000 08:06 2229712                    /lib/x86_64-linux-gnu/libm-2.23.so
7fa3f745c000-7fa3f745d000 rw-p 00108000 08:06 2229712                    /lib/x86_64-linux-gnu/libm-2.23.so
7fa3f745d000-7fa3f804e000 r-xp 00000000 08:06 6426458                    /home/elfemo/mkn/android/android-studio/jre/jre/lib/amd64/server/libjvm.so
7fa3f804e000-7fa3f824e000 ---p 00bf1000 08:06 6426458                    /home/elfemo/mkn/android/android-studio/jre/jre/lib/amd64/server/libjvm.so
7fa3f824e000-7fa3f82ed000 r--p 00bf1000 08:06 6426458                    /home/elfemo/mkn/android/android-studio/jre/jre/lib/amd64/server/libjvm.so
7fa3f82ed000-7fa3f8316000 rw-p 00c90000 08:06 6426458                    /home/elfemo/mkn/android/android-studio/jre/jre/lib/amd64/server/libjvm.so
7fa3f8316000-7fa3f835a000 rw-p 00000000 00:00 0 
7fa3f835a000-7fa3f8372000 r-xp 00000000 08:06 2229760                    /lib/x86_64-linux-gnu/libpthread-2.23.so
7fa3f8372000-7fa3f8571000 ---p 00018000 08:06 2229760                    /lib/x86_64-linux-gnu/libpthread-2.23.so
7fa3f8571000-7fa3f8572000 r--p 00017000 08:06 2229760                    /lib/x86_64-linux-gnu/libpthread-2.23.so
7fa3f8572000-7fa3f8573000 rw-p 00018000 08:06 2229760                    /lib/x86_64-linux-gnu/libpthread-2.23.so
7fa3f8573000-7fa3f8577000 rw-p 00000000 00:00 0 
7fa3f8577000-7fa3f857a000 r-xp 00000000 08:06 2229710                    /lib/x86_64-linux-gnu/libdl-2.23.so
7fa3f857a000-7fa3f8779000 ---p 00003000 08:06 2229710                    /lib/x86_64-linux-gnu/libdl-2.23.so
7fa3f8779000-7fa3f877a000 r--p 00002000 08:06 2229710                    /lib/x86_64-linux-gnu/libdl-2.23.so
7fa3f877a000-7fa3f877b000 rw-p 00003000 08:06 2229710                    /lib/x86_64-linux-gnu/libdl-2.23.so
7fa3f877b000-7fa3f893a000 r-xp 00000000 08:06 2229718                    /lib/x86_64-linux-gnu/libc-2.23.so
7fa3f893a000-7fa3f8b3a000 ---p 001bf000 08:06 2229718                    /lib/x86_64-linux-gnu/libc-2.23.so
7fa3f8b3a000-7fa3f8b3e000 r--p 001bf000 08:06 2229718                    /lib/x86_64-linux-gnu/libc-2.23.so
7fa3f8b3e000-7fa3f8b40000 rw-p 001c3000 08:06 2229718                    /lib/x86_64-linux-gnu/libc-2.23.so
7fa3f8b40000-7fa3f8b44000 rw-p 00000000 00:00 0 
7fa3f8b44000-7fa3f8b5a000 r-xp 00000000 08:06 5911905                    /home/elfemo/mkn/android/android-studio/jre/lib/amd64/jli/libjli.so
7fa3f8b5a000-7fa3f8d59000 ---p 00016000 08:06 5911905                    /home/elfemo/mkn/android/android-studio/jre/lib/amd64/jli/libjli.so
7fa3f8d59000-7fa3f8d5a000 r--p 00015000 08:06 5911905                    /home/elfemo/mkn/android/android-studio/jre/lib/amd64/jli/libjli.so
7fa3f8d5a000-7fa3f8d5b000 rw-p 00016000 08:06 5911905                    /home/elfemo/mkn/android/android-studio/jre/lib/amd64/jli/libjli.so
7fa3f8d5b000-7fa3f8d81000 r-xp 00000000 08:06 2229726                    /lib/x86_64-linux-gnu/ld-2.23.so
7fa3f8d81000-7fa3f8d82000 r--s 00000000 08:06 5126351                    /home/elfemo/.gradle/wrapper/dists/gradle-3.3-all/55gk2rcmfc6p2dg9u9ohc3hw9/gradle-3.3/lib/javax.inject-1.jar
7fa3f8d82000-7fa3f8d83000 r--s 00000000 08:06 5126350                    /home/elfemo/.gradle/wrapper/dists/gradle-3.3-all/55gk2rcmfc6p2dg9u9ohc3hw9/gradle-3.3/lib/jcip-annotations-1.0.jar
7fa3f8d83000-7fa3f8d87000 r--s 00027000 08:06 5126349                    /home/elfemo/.gradle/wrapper/dists/gradle-3.3-all/55gk2rcmfc6p2dg9u9ohc3hw9/gradle-3.3/lib/commons-io-2.2.jar
7fa3f8d87000-7fa3f8d8c000 r--s 00038000 08:06 5126338                    /home/elfemo/.gradle/wrapper/dists/gradle-3.3-all/55gk2rcmfc6p2dg9u9ohc3hw9/gradle-3.3/lib/asm-all-5.1.jar
7fa3f8d8c000-7fa3f8d8d000 r--s 00001000 08:06 5126334                    /home/elfemo/.gradle/wrapper/dists/gradle-3.3-all/55gk2rcmfc6p2dg9u9ohc3hw9/gradle-3.3/lib/gradle-process-services-3.3.jar
7fa3f8d8d000-7fa3f8d8f000 r--s 00000000 08:06 5126324                    /home/elfemo/.gradle/wrapper/dists/gradle-3.3-all/55gk2rcmfc6p2dg9u9ohc3hw9/gradle-3.3/lib/gradle-jvm-services-3.3.jar
7fa3f8d8f000-7fa3f8d94000 r--s 00041000 08:06 5126333                    /home/elfemo/.gradle/wrapper/dists/gradle-3.3-all/55gk2rcmfc6p2dg9u9ohc3hw9/gradle-3.3/lib/commons-lang-2.6.jar
7fa3f8d94000-7fa3f8e56000 rw-p 00000000 00:00 0 
7fa3f8e56000-7fa3f8e59000 ---p 00000000 00:00 0 
7fa3f8e59000-7fa3f8f5b000 rw-p 00000000 00:00 0 
7fa3f8f5b000-7fa3f8f5c000 r--s 00000000 08:06 5126632                    /home/elfemo/.gradle/wrapper/dists/gradle-3.3-all/55gk2rcmfc6p2dg9u9ohc3hw9/gradle-3.3/lib/gradle-version-info-3.3.jar
7fa3f8f5c000-7fa3f8f5d000 r--s 00007000 08:06 5126331                    /home/elfemo/.gradle/wrapper/dists/gradle-3.3-all/55gk2rcmfc6p2dg9u9ohc3hw9/gradle-3.3/lib/slf4j-api-1.7.10.jar
7fa3f8f5d000-7fa3f8f5e000 r--s 00004000 08:06 5126364                    /home/elfemo/.gradle/wrapper/dists/gradle-3.3-all/55gk2rcmfc6p2dg9u9ohc3hw9/gradle-3.3/lib/ant-launcher-1.9.6.jar
7fa3f8f5e000-7fa3f8f67000 r--s 00042000 08:06 5126323                    /home/elfemo/.gradle/wrapper/dists/gradle-3.3-all/55gk2rcmfc6p2dg9u9ohc3hw9/gradle-3.3/lib/gradle-base-services-3.3.jar
7fa3f8f67000-7fa3f8f74000 r--s 0005c000 08:06 5126320                    /home/elfemo/.gradle/wrapper/dists/gradle-3.3-all/55gk2rcmfc6p2dg9u9ohc3hw9/gradle-3.3/lib/gradle-launcher-3.3.jar
7fa3f8f74000-7fa3f8f7c000 rw-s 00000000 08:06 3146851                    /tmp/hsperfdata_elfemo/11989
7fa3f8f7c000-7fa3f8f7d000 rw-p 00000000 00:00 0 
7fa3f8f7d000-7fa3f8f7e000 ---p 00000000 00:00 0 
7fa3f8f7e000-7fa3f8f80000 rw-p 00000000 00:00 0 
7fa3f8f80000-7fa3f8f81000 r--p 00025000 08:06 2229726                    /lib/x86_64-linux-gnu/ld-2.23.so
7fa3f8f81000-7fa3f8f82000 rw-p 00026000 08:06 2229726                    /lib/x86_64-linux-gnu/ld-2.23.so
7fa3f8f82000-7fa3f8f83000 rw-p 00000000 00:00 0 
7fffe64e7000-7fffe6508000 rw-p 00000000 00:00 0                          [stack]
7fffe656d000-7fffe656f000 r--p 00000000 00:00 0                          [vvar]
7fffe656f000-7fffe6571000 r-xp 00000000 00:00 0                          [vdso]
ffffffffff600000-ffffffffff601000 r-xp 00000000 00:00 0                  [vsyscall]

VM Arguments:
jvm_args: -Xmx1536m -Dfile.encoding=UTF-8 -Duser.country=IN -Duser.language=en -Duser.variant 
java_command: org.gradle.launcher.daemon.bootstrap.GradleDaemon 3.3
java_class_path (initial): /home/elfemo/.gradle/wrapper/dists/gradle-3.3-all/55gk2rcmfc6p2dg9u9ohc3hw9/gradle-3.3/lib/gradle-launcher-3.3.jar
Launcher Type: SUN_STANDARD

Environment Variables:
JAVA_HOME=/home/elfemo/mkn/android/jdk1.8.0_121
PATH=/home/elfemo/bin:/home/elfemo/.local/bin:/usr/local/sbin:/usr/local/bin:/usr/sbin:/usr/bin:/sbin:/bin:/usr/games:/usr/local/games:/home/elfemo/mkn/server/node/node-v6.11.1-linux-x64/bin
USERNAME=elfemo
LD_LIBRARY_PATH=/home/elfemo/mkn/android/android-studio/bin:
SHELL=/bin/bash
DISPLAY=:0.0

Signal Handlers:
SIGSEGV: [libjvm.so+0x9e5150], sa_mask[0]=11111111011111111101111111111110, sa_flags=SA_RESTART|SA_SIGINFO
SIGBUS: [libjvm.so+0x9e5150], sa_mask[0]=11111111011111111101111111111110, sa_flags=SA_RESTART|SA_SIGINFO
SIGFPE: [libjvm.so+0x848450], sa_mask[0]=11111111011111111101111111111110, sa_flags=SA_RESTART|SA_SIGINFO
SIGPIPE: [libjvm.so+0x848450], sa_mask[0]=11111111011111111101111111111110, sa_flags=SA_RESTART|SA_SIGINFO
SIGXFSZ: [libjvm.so+0x848450], sa_mask[0]=11111111011111111101111111111110, sa_flags=SA_RESTART|SA_SIGINFO
SIGILL: [libjvm.so+0x848450], sa_mask[0]=11111111011111111101111111111110, sa_flags=SA_RESTART|SA_SIGINFO
SIGUSR1: SIG_DFL, sa_mask[0]=00000000000000000000000000000000, sa_flags=none
SIGUSR2: [libjvm.so+0x848320], sa_mask[0]=00100000000000000000000000000000, sa_flags=SA_RESTART|SA_SIGINFO
SIGHUP: [libjvm.so+0x848510], sa_mask[0]=11111111011111111101111111111110, sa_flags=SA_RESTART|SA_SIGINFO
SIGINT: [libjvm.so+0x848510], sa_mask[0]=11111111011111111101111111111110, sa_flags=SA_RESTART|SA_SIGINFO
SIGTERM: [libjvm.so+0x848510], sa_mask[0]=11111111011111111101111111111110, sa_flags=SA_RESTART|SA_SIGINFO
SIGQUIT: [libjvm.so+0x848510], sa_mask[0]=11111111011111111101111111111110, sa_flags=SA_RESTART|SA_SIGINFO


---------------  S Y S T E M  ---------------

OS:DISTRIB_ID=LinuxMint
DISTRIB_RELEASE=18.1
DISTRIB_CODENAME=serena
DISTRIB_DESCRIPTION="Linux Mint 18.1 Serena"

uname:Linux 4.4.0-53-generic #74-Ubuntu SMP Fri Dec 2 15:59:10 UTC 2016 x86_64
libc:glibc 2.23 NPTL 2.23 
rlimit: STACK 8192k, CORE 0k, NPROC 23335, NOFILE 65536, AS infinity
load average:6.09 2.47 1.30

/proc/meminfo:
MemTotal:        6016704 kB
MemFree:          126252 kB
MemAvailable:      62064 kB
Buffers:            4812 kB
Cached:           526508 kB
SwapCached:        21928 kB
Active:          4638888 kB
Inactive:        1048556 kB
Active(anon):    4598144 kB
Inactive(anon):  1012492 kB
Active(file):      40744 kB
Inactive(file):    36064 kB
Unevictable:          80 kB
Mlocked:              80 kB
SwapTotal:       1000444 kB
SwapFree:              4 kB
Dirty:                68 kB
Writeback:             0 kB
AnonPages:       5134996 kB
Mapped:           472420 kB
Shmem:            454276 kB
Slab:              86492 kB
SReclaimable:      47424 kB
SUnreclaim:        39068 kB
KernelStack:       13440 kB
PageTables:        50016 kB
NFS_Unstable:          0 kB
Bounce:                0 kB
WritebackTmp:          0 kB
CommitLimit:     4008796 kB
Committed_AS:   11723916 kB
VmallocTotal:   34359738367 kB
VmallocUsed:           0 kB
VmallocChunk:          0 kB
HardwareCorrupted:     0 kB
AnonHugePages:   2711552 kB
CmaTotal:              0 kB
CmaFree:               0 kB
HugePages_Total:       0
HugePages_Free:        0
HugePages_Rsvd:        0
HugePages_Surp:        0
Hugepagesize:       2048 kB
DirectMap4k:      164516 kB
DirectMap2M:     6033408 kB


CPU:total 4 (2 cores per cpu, 2 threads per core) family 6 model 42 stepping 7, cmov, cx8, fxsr, mmx, sse, sse2, sse3, ssse3, sse4.1, sse4.2, popcnt, avx, clmul, ht, tsc, tscinvbit

/proc/cpuinfo:
processor	: 0
vendor_id	: GenuineIntel
cpu family	: 6
model		: 42
model name	: Intel(R) Core(TM) i3-2310M CPU @ 2.10GHz
stepping	: 7
microcode	: 0x1a
cpu MHz		: 967.476
cache size	: 3072 KB
physical id	: 0
siblings	: 4
core id		: 0
cpu cores	: 2
apicid		: 0
initial apicid	: 0
fpu		: yes
fpu_exception	: yes
cpuid level	: 13
wp		: yes
flags		: fpu vme de pse tsc msr pae mce cx8 apic sep mtrr pge mca cmov pat pse36 clflush dts acpi mmx fxsr sse sse2 ss ht tm pbe syscall nx rdtscp lm constant_tsc arch_perfmon pebs bts rep_good nopl xtopology nonstop_tsc aperfmperf eagerfpu pni pclmulqdq dtes64 monitor ds_cpl vmx est tm2 ssse3 cx16 xtpr pdcm pcid sse4_1 sse4_2 x2apic popcnt tsc_deadline_timer xsave avx lahf_lm epb tpr_shadow vnmi flexpriority ept vpid xsaveopt dtherm arat pln pts
bugs		:
bogomips	: 4190.34
clflush size	: 64
cache_alignment	: 64
address sizes	: 36 bits physical, 48 bits virtual
power management:

processor	: 1
vendor_id	: GenuineIntel
cpu family	: 6
model		: 42
model name	: Intel(R) Core(TM) i3-2310M CPU @ 2.10GHz
stepping	: 7
microcode	: 0x1a
cpu MHz		: 966.000
cache size	: 3072 KB
physical id	: 0
siblings	: 4
core id		: 1
cpu cores	: 2
apicid		: 2
initial apicid	: 2
fpu		: yes
fpu_exception	: yes
cpuid level	: 13
wp		: yes
flags		: fpu vme de pse tsc msr pae mce cx8 apic sep mtrr pge mca cmov pat pse36 clflush dts acpi mmx fxsr sse sse2 ss ht tm pbe syscall nx rdtscp lm constant_tsc arch_perfmon pebs bts rep_good nopl xtopology nonstop_tsc aperfmperf eagerfpu pni pclmulqdq dtes64 monitor ds_cpl vmx est tm2 ssse3 cx16 xtpr pdcm pcid sse4_1 sse4_2 x2apic popcnt tsc_deadline_timer xsave avx lahf_lm epb tpr_shadow vnmi flexpriority ept vpid xsaveopt dtherm arat pln pts
bugs		:
bogomips	: 4190.34
clflush size	: 64
cache_alignment	: 64
address sizes	: 36 bits physical, 48 bits virtual
power management:

processor	: 2
vendor_id	: GenuineIntel
cpu family	: 6
model		: 42
model name	: Intel(R) Core(TM) i3-2310M CPU @ 2.10GHz
stepping	: 7
microcode	: 0x1a
cpu MHz		: 1120.464
cache size	: 3072 KB
physical id	: 0
siblings	: 4
core id		: 0
cpu cores	: 2
apicid		: 1
initial apicid	: 1
fpu		: yes
fpu_exception	: yes
cpuid level	: 13
wp		: yes
flags		: fpu vme de pse tsc msr pae mce cx8 apic sep mtrr pge mca cmov pat pse36 clflush dts acpi mmx fxsr sse sse2 ss ht tm pbe syscall nx rdtscp lm constant_tsc arch_perfmon pebs bts rep_good nopl xtopology nonstop_tsc aperfmperf eagerfpu pni pclmulqdq dtes64 monitor ds_cpl vmx est tm2 ssse3 cx16 xtpr pdcm pcid sse4_1 sse4_2 x2apic popcnt tsc_deadline_timer xsave avx lahf_lm epb tpr_shadow vnmi flexpriority ept vpid xsaveopt dtherm arat pln pts
bugs		:
bogomips	: 4190.34
clflush size	: 64
cache_alignment	: 64
address sizes	: 36 bits physical, 48 bits virtual
power management:

processor	: 3
vendor_id	: GenuineIntel
cpu family	: 6
model		: 42
model name	: Intel(R) Core(TM) i3-2310M CPU @ 2.10GHz
stepping	: 7
microcode	: 0x1a
cpu MHz		: 881.671
cache size	: 3072 KB
physical id	: 0
siblings	: 4
core id		: 1
cpu cores	: 2
apicid		: 3
initial apicid	: 3
fpu		: yes
fpu_exception	: yes
cpuid level	: 13
wp		: yes
flags		: fpu vme de pse tsc msr pae mce cx8 apic sep mtrr pge mca cmov pat pse36 clflush dts acpi mmx fxsr sse sse2 ss ht tm pbe syscall nx rdtscp lm constant_tsc arch_perfmon pebs bts rep_good nopl xtopology nonstop_tsc aperfmperf eagerfpu pni pclmulqdq dtes64 monitor ds_cpl vmx est tm2 ssse3 cx16 xtpr pdcm pcid sse4_1 sse4_2 x2apic popcnt tsc_deadline_timer xsave avx lahf_lm epb tpr_shadow vnmi flexpriority ept vpid xsaveopt dtherm arat pln pts
bugs		:
bogomips	: 4190.34
clflush size	: 64
cache_alignment	: 64
address sizes	: 36 bits physical, 48 bits virtual
power management:



Memory: 4k page, physical 6016704k(126252k free), swap 1000444k(4k free)

vm_info: OpenJDK 64-Bit Server VM (25.112-b06) for linux-amd64 JRE (1.8.0_112-release-b06), built on Dec  6 2016 12:11:18 by "builder" with gcc 4.8.4

time: Thu Sep 14 16:52:43 2017
elapsed time: 177 seconds (0d 0h 2m 57s)

